Using pre-set license
Built from '2021.3/staging' branch; Version is '2021.3.15f1 (e8e88683f834) revision 15263878'; Using compiler version '192829333'; Build Type 'Release'
OS: 'Windows 10  (10.0.19044) 64bit Core' Language: 'no' Physical Memory: 16319 MB
BatchMode: 1, IsHumanControllingUs: 0, StartBugReporterOnCrash: 0, Is64bit: 1, IsPro: 1

COMMAND LINE ARGUMENTS:
C:\Program Files\Unity\Hub\Editor\2021.3.15f1\Editor\Unity.exe
-adb2
-batchMode
-noUpm
-name
AssetImportWorker1
-projectPath
C:/Users/Lenita/Desktop/Unity_Bachelor/VR_Battery_Lab
-logFile
Logs/AssetImportWorker1.log
-srvPort
52591
Successfully changed project path to: C:/Users/Lenita/Desktop/Unity_Bachelor/VR_Battery_Lab
C:/Users/Lenita/Desktop/Unity_Bachelor/VR_Battery_Lab
[UnityMemory] Configuration Parameters - Can be set up in boot.config
    "memorysetup-bucket-allocator-granularity=16"
    "memorysetup-bucket-allocator-bucket-count=8"
    "memorysetup-bucket-allocator-block-size=33554432"
    "memorysetup-bucket-allocator-block-count=8"
    "memorysetup-main-allocator-block-size=16777216"
    "memorysetup-thread-allocator-block-size=16777216"
    "memorysetup-gfx-main-allocator-block-size=16777216"
    "memorysetup-gfx-thread-allocator-block-size=16777216"
    "memorysetup-cache-allocator-block-size=4194304"
    "memorysetup-typetree-allocator-block-size=2097152"
    "memorysetup-profiler-bucket-allocator-granularity=16"
    "memorysetup-profiler-bucket-allocator-bucket-count=8"
    "memorysetup-profiler-bucket-allocator-block-size=33554432"
    "memorysetup-profiler-bucket-allocator-block-count=8"
    "memorysetup-profiler-allocator-block-size=16777216"
    "memorysetup-profiler-editor-allocator-block-size=1048576"
    "memorysetup-temp-allocator-size-main=16777216"
    "memorysetup-job-temp-allocator-block-size=2097152"
    "memorysetup-job-temp-allocator-block-size-background=1048576"
    "memorysetup-job-temp-allocator-reduction-small-platforms=262144"
    "memorysetup-temp-allocator-size-background-worker=32768"
    "memorysetup-temp-allocator-size-job-worker=262144"
    "memorysetup-temp-allocator-size-preload-manager=33554432"
    "memorysetup-temp-allocator-size-nav-mesh-worker=65536"
    "memorysetup-temp-allocator-size-audio-worker=65536"
    "memorysetup-temp-allocator-size-cloud-worker=32768"
    "memorysetup-temp-allocator-size-gi-baking-worker=262144"
    "memorysetup-temp-allocator-size-gfx=262144"
Player connection [29580] Host "[IP] 192.168.2.206 [Port] 0 [Flags] 2 [Guid] 33568229 [EditorId] 33568229 [Version] 1048832 [Id] WindowsEditor(7,DESKTOP-7B9AL1U) [Debug] 1 [PackageName] WindowsEditor [ProjectName] Editor" joined multi-casting on [225.0.0.222:54997]...

Player connection [29580] Host "[IP] 192.168.2.206 [Port] 0 [Flags] 2 [Guid] 33568229 [EditorId] 33568229 [Version] 1048832 [Id] WindowsEditor(7,DESKTOP-7B9AL1U) [Debug] 1 [PackageName] WindowsEditor [ProjectName] Editor" joined alternative multi-casting on [225.0.0.222:34997]...

Refreshing native plugins compatible for Editor in 109.18 ms, found 12 plugins.
Preloading 1 native plugins for Editor in 0.61 ms.
Initialize engine version: 2021.3.15f1 (e8e88683f834)
[Subsystems] Discovering subsystems at path C:/Program Files/Unity/Hub/Editor/2021.3.15f1/Editor/Data/Resources/UnitySubsystems
[Subsystems] Discovering subsystems at path C:/Users/Lenita/Desktop/Unity_Bachelor/VR_Battery_Lab/Assets
GfxDevice: creating device client; threaded=0; jobified=0
Direct3D:
    Version:  Direct3D 11.0 [level 11.1]
    Renderer: NVIDIA GeForce RTX 2060 (ID=0x1e89)
    Vendor:   NVIDIA
    VRAM:     5968 MB
    Driver:   31.0.15.1694
Initialize mono
Mono path[0] = 'C:/Program Files/Unity/Hub/Editor/2021.3.15f1/Editor/Data/Managed'
Mono path[1] = 'C:/Program Files/Unity/Hub/Editor/2021.3.15f1/Editor/Data/MonoBleedingEdge/lib/mono/unityjit-win32'
Mono config path = 'C:/Program Files/Unity/Hub/Editor/2021.3.15f1/Editor/Data/MonoBleedingEdge/etc'
Using monoOptions --debugger-agent=transport=dt_socket,embedding=1,server=y,suspend=n,address=127.0.0.1:56052
Begin MonoManager ReloadAssembly
Registering precompiled unity dll's ...
Register platform support module: C:/Program Files/Unity/Hub/Editor/2021.3.15f1/Editor/Data/PlaybackEngines/WebGLSupport/UnityEditor.WebGL.Extensions.dll
Register platform support module: C:/Program Files/Unity/Hub/Editor/2021.3.15f1/Editor/Data/PlaybackEngines/WindowsStandaloneSupport/UnityEditor.WindowsStandalone.Extensions.dll
Registered in 0.007056 seconds.
Native extension for WindowsStandalone target not found
Native extension for WebGL target not found
Refreshing native plugins compatible for Editor in 119.14 ms, found 12 plugins.
Preloading 1 native plugins for Editor in 0.08 ms.
Mono: successfully reloaded assembly
- Completed reload, in  0.714 seconds
Domain Reload Profiling:
	ReloadAssembly (714ms)
		BeginReloadAssembly (66ms)
			ExecutionOrderSort (0ms)
			DisableScriptedObjects (0ms)
			BackupInstance (0ms)
			ReleaseScriptingObjects (0ms)
			CreateAndSetChildDomain (1ms)
		EndReloadAssembly (523ms)
			LoadAssemblies (64ms)
			RebuildTransferFunctionScriptingTraits (0ms)
			SetupTypeCache (108ms)
			ReleaseScriptCaches (0ms)
			RebuildScriptCaches (26ms)
			SetupLoadedEditorAssemblies (339ms)
				LogAssemblyErrors (0ms)
				InitializePlatformSupportModulesInManaged (9ms)
				SetLoadedEditorAssemblies (0ms)
				RefreshPlugins (119ms)
				BeforeProcessingInitializeOnLoad (1ms)
				ProcessInitializeOnLoadAttributes (160ms)
				ProcessInitializeOnLoadMethodAttributes (49ms)
				AfterProcessingInitializeOnLoad (0ms)
				EditorAssembliesLoaded (0ms)
			ExecutionOrderSort2 (0ms)
			AwakeInstancesAfterBackupRestoration (0ms)
Platform modules already initialized, skipping
Registering precompiled user dll's ...
Registered in 0.010053 seconds.
Begin MonoManager ReloadAssembly
Symbol file LoadedFromMemory doesn't match image C:\Users\Lenita\Desktop\Unity_Bachelor\VR_Battery_Lab\Library\PackageCache\com.unity.visualscripting@1.7.8\Editor\VisualScripting.Core\Dependencies\DotNetZip\Unity.VisualScripting.IonicZip.dll
Symbol file LoadedFromMemory doesn't match image C:\Users\Lenita\Desktop\Unity_Bachelor\VR_Battery_Lab\Library\PackageCache\com.unity.visualscripting@1.7.8\Editor\VisualScripting.Core\Dependencies\YamlDotNet\Unity.VisualScripting.YamlDotNet.dll
Native extension for WindowsStandalone target not found
Native extension for WebGL target not found
Refreshing native plugins compatible for Editor in 98.30 ms, found 12 plugins.
Preloading 1 native plugins for Editor in 0.07 ms.
Package Manager log level set to [2]
System.Reflection.TargetInvocationException: Exception has been thrown by the target of an invocation. ---> System.NullReferenceException: Object reference not set to an instance of an object
  at Unity.XR.Oculus.OculusLoader.AssetPathToAbsolutePath (System.String assetPath) [0x0003d] in C:\Users\Lenita\Desktop\Unity_Bachelor\VR_Battery_Lab\Library\PackageCache\com.unity.xr.oculus@3.2.2\Runtime\OculusLoader.cs:296 
  at Unity.XR.Oculus.OculusLoader.EditorLoadOVRPlugin () [0x0007b] in C:\Users\Lenita\Desktop\Unity_Bachelor\VR_Battery_Lab\Library\PackageCache\com.unity.xr.oculus@3.2.2\Runtime\OculusLoader.cs:281 
  at (wrapper managed-to-native) System.Reflection.RuntimeMethodInfo.InternalInvoke(System.Reflection.RuntimeMethodInfo,object,object[],System.Exception&)
  at System.Reflection.RuntimeMethodInfo.Invoke (System.Object obj, System.Reflection.BindingFlags invokeAttr, System.Reflection.Binder binder, System.Object[] parameters, System.Globalization.CultureInfo culture) [0x0006a] in <d6232873609549b8a045fa15811a5bd3>:0 
   --- End of inner exception stack trace ---
  at System.Reflection.RuntimeMethodInfo.Invoke (System.Object obj, System.Reflection.BindingFlags invokeAttr, System.Reflection.Binder binder, System.Object[] parameters, System.Globalization.CultureInfo culture) [0x00083] in <d6232873609549b8a045fa15811a5bd3>:0 
  at System.Reflection.MethodBase.Invoke (System.Object obj, System.Object[] parameters) [0x00000] in <d6232873609549b8a045fa15811a5bd3>:0 
  at UnityEditor.EditorAssemblies.ProcessInitializeOnLoadMethodAttributes () [0x000a5] in <63965ae56af7489797f355b7c1211ab2>:0 
UnityEngine.StackTraceUtility:ExtractStackTrace ()
UnityEngine.DebugLogHandler:LogFormat (UnityEngine.LogType,UnityEngine.Object,string,object[])
UnityEngine.Logger:Log (UnityEngine.LogType,object)
UnityEngine.Debug:LogError (object)
UnityEditor.EditorAssemblies:ProcessInitializeOnLoadMethodAttributes ()

Mono: successfully reloaded assembly
- Completed reload, in  1.381 seconds
Domain Reload Profiling:
	ReloadAssembly (1382ms)
		BeginReloadAssembly (110ms)
			ExecutionOrderSort (0ms)
			DisableScriptedObjects (5ms)
			BackupInstance (0ms)
			ReleaseScriptingObjects (0ms)
			CreateAndSetChildDomain (18ms)
		EndReloadAssembly (1150ms)
			LoadAssemblies (93ms)
			RebuildTransferFunctionScriptingTraits (0ms)
			SetupTypeCache (349ms)
			ReleaseScriptCaches (1ms)
			RebuildScriptCaches (78ms)
			SetupLoadedEditorAssemblies (571ms)
				LogAssemblyErrors (0ms)
				InitializePlatformSupportModulesInManaged (6ms)
				SetLoadedEditorAssemblies (0ms)
				RefreshPlugins (98ms)
				BeforeProcessingInitializeOnLoad (108ms)
				ProcessInitializeOnLoadAttributes (309ms)
				ProcessInitializeOnLoadMethodAttributes (40ms)
				AfterProcessingInitializeOnLoad (8ms)
				EditorAssembliesLoaded (0ms)
			ExecutionOrderSort2 (0ms)
			AwakeInstancesAfterBackupRestoration (9ms)
Platform modules already initialized, skipping
========================================================================
Worker process is ready to serve import requests
Launched and connected shader compiler UnityShaderCompiler.exe after 0.04 seconds
Refreshing native plugins compatible for Editor in 0.91 ms, found 12 plugins.
Preloading 1 native plugins for Editor in 0.08 ms.
Unloading 4390 Unused Serialized files (Serialized files now loaded: 0)
Unloading 52 unused Assets / (57.2 KB). Loaded Objects now: 4831.
Memory consumption went from 153.3 MB to 153.3 MB.
Total: 3.856600 ms (FindLiveObjects: 0.350200 ms CreateObjectMapping: 0.255600 ms MarkObjects: 3.159000 ms  DeleteObjects: 0.091000 ms)

AssetImportParameters requested are different than current active one (requested -> active):
  custom:video-decoder-ogg-theora: a1e56fd34408186e4bbccfd4996cb3dc -> 
  custom:container-muxer-webm: aa71ff27fc2769a1b78a27578f13a17b -> 
  custom:container-demuxer-webm: 4f35f7cbe854078d1ac9338744f61a02 -> 
  custom:video-encoder-webm-vp8: eb34c28f22e8b96e1ab97ce403110664 -> 
  custom:audio-encoder-webm-vorbis: bf7c407c2cedff20999df2af8eb42d56 -> 
  custom:framework-win-MediaFoundation: 216162199b28c13a410421893ffa2e32 -> 
  custom:container-demuxer-ogg: 62fdf1f143b41e24485cea50d1cbac27 -> 
  custom:video-decoder-webm-vp8: 9c59270c3fd7afecdb556c50c9e8de78 -> 
  custom:audio-decoder-ogg-vorbis: bf7c407c2cedff20999df2af8eb42d56 -> 
========================================================================
Received Import Request.
  Time since last request: 959620.641371 seconds.
  path: Assets/Images/Americium.png
  artifactKey: Guid(9c02684efbcdc204cb8e7852fccc0c77) Importer(815301076,1909f56bfc062723c751e8b465ee728b)
Start importing Assets/Images/Americium.png using Guid(9c02684efbcdc204cb8e7852fccc0c77) Importer(815301076,1909f56bfc062723c751e8b465ee728b)  -> (artifact id: '19ad22a403ce403fbba06c62a655ba5c') in 0.122445 seconds 
========================================================================
Received Import Request.
  Time since last request: 0.000016 seconds.
  path: Assets/Images/Nihonium.png
  artifactKey: Guid(e1e1be23845e6f0418fad3808e38ccf2) Importer(815301076,1909f56bfc062723c751e8b465ee728b)
Start importing Assets/Images/Nihonium.png using Guid(e1e1be23845e6f0418fad3808e38ccf2) Importer(815301076,1909f56bfc062723c751e8b465ee728b)  -> (artifact id: 'e336cd8592c55eac60491dc2a494b16f') in 0.014024 seconds 
========================================================================
Received Import Request.
  Time since last request: 0.000020 seconds.
  path: Assets/Images/Copper.png
  artifactKey: Guid(7bf3402ced11e1342a22abb0a422eb5d) Importer(815301076,1909f56bfc062723c751e8b465ee728b)
Start importing Assets/Images/Copper.png using Guid(7bf3402ced11e1342a22abb0a422eb5d) Importer(815301076,1909f56bfc062723c751e8b465ee728b)  -> (artifact id: 'b7d27064b69569287ec2a2e755112efb') in 0.011655 seconds 
========================================================================
Received Import Request.
  Time since last request: 0.000024 seconds.
  path: Assets/Images/Samarium.png
  artifactKey: Guid(5ce63c5b32b0adf4b861a533d7688930) Importer(815301076,1909f56bfc062723c751e8b465ee728b)
Start importing Assets/Images/Samarium.png using Guid(5ce63c5b32b0adf4b861a533d7688930) Importer(815301076,1909f56bfc062723c751e8b465ee728b)  -> (artifact id: '828b82c7e04c226cfa04c3a7db40695d') in 0.010214 seconds 
========================================================================
Received Import Request.
  Time since last request: 0.000029 seconds.
  path: Assets/Images/Phosphorus.png
  artifactKey: Guid(79ad8fce19a40bb43b6de0af7144b59f) Importer(815301076,1909f56bfc062723c751e8b465ee728b)
Start importing Assets/Images/Phosphorus.png using Guid(79ad8fce19a40bb43b6de0af7144b59f) Importer(815301076,1909f56bfc062723c751e8b465ee728b)  -> (artifact id: '3ba99c6a15e3f92789dbe0d90df4ab73') in 0.011002 seconds 
========================================================================
Received Import Request.
  Time since last request: 0.000023 seconds.
  path: Assets/Images/Neodymium.png
  artifactKey: Guid(b194aedc19a7b8a4e94e38aad90368c4) Importer(815301076,1909f56bfc062723c751e8b465ee728b)
Start importing Assets/Images/Neodymium.png using Guid(b194aedc19a7b8a4e94e38aad90368c4) Importer(815301076,1909f56bfc062723c751e8b465ee728b)  -> (artifact id: '20f1cfd06615400b4c8d7eec1e1483e7') in 0.013535 seconds 
========================================================================
Received Import Request.
  Time since last request: 0.000024 seconds.
  path: Assets/Images/Nickel.png
  artifactKey: Guid(2cc0d8ab39cf2d748b707574ed0ac3ba) Importer(815301076,1909f56bfc062723c751e8b465ee728b)
Start importing Assets/Images/Nickel.png using Guid(2cc0d8ab39cf2d748b707574ed0ac3ba) Importer(815301076,1909f56bfc062723c751e8b465ee728b)  -> (artifact id: '50b3398cc5777f9c56410a03f400d10b') in 0.012435 seconds 
========================================================================
Received Import Request.
  Time since last request: 0.000017 seconds.
  path: Assets/Images/Ytterbium.png
  artifactKey: Guid(7e28d002874eebd46a4b2ee3bfdba6e6) Importer(815301076,1909f56bfc062723c751e8b465ee728b)
Start importing Assets/Images/Ytterbium.png using Guid(7e28d002874eebd46a4b2ee3bfdba6e6) Importer(815301076,1909f56bfc062723c751e8b465ee728b)  -> (artifact id: 'a427883d518ee6058aef3067b6079b1d') in 0.014092 seconds 
========================================================================
Received Import Request.
  Time since last request: 0.000018 seconds.
  path: Assets/Images/Einsteinium.png
  artifactKey: Guid(09baf4c24e8d2b640b482632e34a88e7) Importer(815301076,1909f56bfc062723c751e8b465ee728b)
Start importing Assets/Images/Einsteinium.png using Guid(09baf4c24e8d2b640b482632e34a88e7) Importer(815301076,1909f56bfc062723c751e8b465ee728b)  -> (artifact id: 'e684ab518b2dd3782d1b322966460e4d') in 0.013388 seconds 
========================================================================
Received Import Request.
  Time since last request: 0.000015 seconds.
  path: Assets/Images/Arsenic.png
  artifactKey: Guid(d84fe8fbf5c815c4faa1b1754c25b510) Importer(815301076,1909f56bfc062723c751e8b465ee728b)
Start importing Assets/Images/Arsenic.png using Guid(d84fe8fbf5c815c4faa1b1754c25b510) Importer(815301076,1909f56bfc062723c751e8b465ee728b)  -> (artifact id: 'ce10cb19b644e7a583d29a7075bb575e') in 0.017777 seconds 
========================================================================
Received Import Request.
  Time since last request: 0.000024 seconds.
  path: Assets/Images/Hafnium.png
  artifactKey: Guid(11776828a7425c24a97a2dcf3a61eae4) Importer(815301076,1909f56bfc062723c751e8b465ee728b)
Start importing Assets/Images/Hafnium.png using Guid(11776828a7425c24a97a2dcf3a61eae4) Importer(815301076,1909f56bfc062723c751e8b465ee728b)  -> (artifact id: 'd60876180563d904019cedbfb75eb108') in 0.012650 seconds 
========================================================================
Received Import Request.
  Time since last request: 0.000023 seconds.
  path: Assets/Images/Sodium.png
  artifactKey: Guid(26a552ad279da1e4a860ea949988555f) Importer(815301076,1909f56bfc062723c751e8b465ee728b)
Start importing Assets/Images/Sodium.png using Guid(26a552ad279da1e4a860ea949988555f) Importer(815301076,1909f56bfc062723c751e8b465ee728b)  -> (artifact id: '6bb5e608669ecdae196dbc96f689eb6f') in 0.012518 seconds 
========================================================================
Received Import Request.
  Time since last request: 0.000021 seconds.
  path: Assets/Images/Gadolinium.png
  artifactKey: Guid(6c6a6e328aca31941b50980e6ddfd1fe) Importer(815301076,1909f56bfc062723c751e8b465ee728b)
Start importing Assets/Images/Gadolinium.png using Guid(6c6a6e328aca31941b50980e6ddfd1fe) Importer(815301076,1909f56bfc062723c751e8b465ee728b)  -> (artifact id: '8e4bbfe66a130dddd20a1e6ecf0bf42f') in 0.013232 seconds 
========================================================================
Received Import Request.
  Time since last request: 0.000053 seconds.
  path: Assets/Images/Lutetium.png
  artifactKey: Guid(7491b0908601ad9439c64ba20cd75c14) Importer(815301076,1909f56bfc062723c751e8b465ee728b)
Start importing Assets/Images/Lutetium.png using Guid(7491b0908601ad9439c64ba20cd75c14) Importer(815301076,1909f56bfc062723c751e8b465ee728b)  -> (artifact id: '8fb191a20e879d1a5c4936a785862656') in 0.014637 seconds 
========================================================================
Received Import Request.
  Time since last request: 0.000018 seconds.
  path: Assets/Images/Bismuth.png
  artifactKey: Guid(a1e091d097bd2c04caf65c8290da8a7e) Importer(815301076,1909f56bfc062723c751e8b465ee728b)
Start importing Assets/Images/Bismuth.png using Guid(a1e091d097bd2c04caf65c8290da8a7e) Importer(815301076,1909f56bfc062723c751e8b465ee728b)  -> (artifact id: '88e5d14d6373059989c6a789563f3d13') in 0.011428 seconds 
========================================================================
Received Import Request.
  Time since last request: 0.000017 seconds.
  path: Assets/Images/Selenium.png
  artifactKey: Guid(f0a21bbdf628e0949804506b3b263828) Importer(815301076,1909f56bfc062723c751e8b465ee728b)
Start importing Assets/Images/Selenium.png using Guid(f0a21bbdf628e0949804506b3b263828) Importer(815301076,1909f56bfc062723c751e8b465ee728b)  -> (artifact id: 'c69c77f41ce8244cc3c10e48f4bddead') in 0.012777 seconds 
========================================================================
Received Import Request.
  Time since last request: 0.000026 seconds.
  path: Assets/Images/Boron.png
  artifactKey: Guid(a39ed5927145c2f49be580ed11db1d7a) Importer(815301076,1909f56bfc062723c751e8b465ee728b)
Start importing Assets/Images/Boron.png using Guid(a39ed5927145c2f49be580ed11db1d7a) Importer(815301076,1909f56bfc062723c751e8b465ee728b)  -> (artifact id: 'c844dafdc73561f3ad6f6c5a4bde8756') in 0.010547 seconds 
========================================================================
Received Import Request.
  Time since last request: 0.000026 seconds.
  path: Assets/Images/Iron.png
  artifactKey: Guid(71da0f18b1a21b34f8438cbf60c59228) Importer(815301076,1909f56bfc062723c751e8b465ee728b)
Start importing Assets/Images/Iron.png using Guid(71da0f18b1a21b34f8438cbf60c59228) Importer(815301076,1909f56bfc062723c751e8b465ee728b)  -> (artifact id: '6c5232450813020702356522d3a5e47b') in 0.011437 seconds 
========================================================================
Received Import Request.
  Time since last request: 0.000036 seconds.
  path: Assets/Images/Lithium.png
  artifactKey: Guid(e21169451720ca84a8acae8010622c32) Importer(815301076,1909f56bfc062723c751e8b465ee728b)
Start importing Assets/Images/Lithium.png using Guid(e21169451720ca84a8acae8010622c32) Importer(815301076,1909f56bfc062723c751e8b465ee728b)  -> (artifact id: '40973377e201dfe508c9cc4499a4db28') in 0.012223 seconds 
========================================================================
Received Import Request.
  Time since last request: 0.000026 seconds.
  path: Assets/Images/Plutonium.png
  artifactKey: Guid(5200105aa4318b94bb1b662c1461f200) Importer(815301076,1909f56bfc062723c751e8b465ee728b)
Start importing Assets/Images/Plutonium.png using Guid(5200105aa4318b94bb1b662c1461f200) Importer(815301076,1909f56bfc062723c751e8b465ee728b)  -> (artifact id: '7f9658c00685a313a05e799042436618') in 0.011062 seconds 
========================================================================
Received Import Request.
  Time since last request: 0.000024 seconds.
  path: Assets/Images/Osmium.png
  artifactKey: Guid(7c50d6cbedb9aa84ba478d7c83672c04) Importer(815301076,1909f56bfc062723c751e8b465ee728b)
Start importing Assets/Images/Osmium.png using Guid(7c50d6cbedb9aa84ba478d7c83672c04) Importer(815301076,1909f56bfc062723c751e8b465ee728b)  -> (artifact id: '54144b898668c2c3a028297f09e58b89') in 0.014334 seconds 
========================================================================
Received Import Request.
  Time since last request: 0.000021 seconds.
  path: Assets/Images/Indium.png
  artifactKey: Guid(b4b9ce89314f9c1488ab1eff2f2f3f83) Importer(815301076,1909f56bfc062723c751e8b465ee728b)
Start importing Assets/Images/Indium.png using Guid(b4b9ce89314f9c1488ab1eff2f2f3f83) Importer(815301076,1909f56bfc062723c751e8b465ee728b)  -> (artifact id: '5fae5254acaf15ed349bd3ea67dd3d9e') in 0.011906 seconds 
========================================================================
Received Import Request.
  Time since last request: 0.000030 seconds.
  path: Assets/Images/Carbon.png
  artifactKey: Guid(5199af06e5f469844b778f31dcf7b1cd) Importer(815301076,1909f56bfc062723c751e8b465ee728b)
Start importing Assets/Images/Carbon.png using Guid(5199af06e5f469844b778f31dcf7b1cd) Importer(815301076,1909f56bfc062723c751e8b465ee728b)  -> (artifact id: '8617b93eff4ea92acdf683a6c9d31074') in 0.012458 seconds 
========================================================================
Received Import Request.
  Time since last request: 0.000023 seconds.
  path: Assets/Images/Zirconium.png
  artifactKey: Guid(3eddc14cac13e6c4fbbc77b7552c1d93) Importer(815301076,1909f56bfc062723c751e8b465ee728b)
Start importing Assets/Images/Zirconium.png using Guid(3eddc14cac13e6c4fbbc77b7552c1d93) Importer(815301076,1909f56bfc062723c751e8b465ee728b)  -> (artifact id: '27d1db77c4ee49194ce7bdee9c8905a2') in 0.010920 seconds 
========================================================================
Received Import Request.
  Time since last request: 0.000017 seconds.
  path: Assets/Images/Vanadium.png
  artifactKey: Guid(d44cbfe22a47f4e41bb08d55cfb4cca3) Importer(815301076,1909f56bfc062723c751e8b465ee728b)
Start importing Assets/Images/Vanadium.png using Guid(d44cbfe22a47f4e41bb08d55cfb4cca3) Importer(815301076,1909f56bfc062723c751e8b465ee728b)  -> (artifact id: '62266f3998feb646d04836e5db19b863') in 0.012988 seconds 
========================================================================
Received Import Request.
  Time since last request: 0.000019 seconds.
  path: Assets/Images/Polonium.png
  artifactKey: Guid(0d0265f036b34074086b7c3ae738bf0e) Importer(815301076,1909f56bfc062723c751e8b465ee728b)
Start importing Assets/Images/Polonium.png using Guid(0d0265f036b34074086b7c3ae738bf0e) Importer(815301076,1909f56bfc062723c751e8b465ee728b)  -> (artifact id: '1675c5d6e53e63574bc43c5aaee627fe') in 0.015227 seconds 
========================================================================
Received Import Request.
  Time since last request: 0.000023 seconds.
  path: Assets/Images/Chromium.png
  artifactKey: Guid(388b58fc09bea92469ab7b96cd3d2071) Importer(815301076,1909f56bfc062723c751e8b465ee728b)
Start importing Assets/Images/Chromium.png using Guid(388b58fc09bea92469ab7b96cd3d2071) Importer(815301076,1909f56bfc062723c751e8b465ee728b)  -> (artifact id: '4e90fc029304782d35a853e6d2f563b4') in 0.014364 seconds 
========================================================================
Received Import Request.
  Time since last request: 0.000027 seconds.
  path: Assets/Images/Mercury.png
  artifactKey: Guid(935daf8a72e3c904fa332fd00b4a11e5) Importer(815301076,1909f56bfc062723c751e8b465ee728b)
Start importing Assets/Images/Mercury.png using Guid(935daf8a72e3c904fa332fd00b4a11e5) Importer(815301076,1909f56bfc062723c751e8b465ee728b)  -> (artifact id: 'ef9aaabf8d06cd0517e7de52748411d8') in 0.012473 seconds 
========================================================================
Received Import Request.
  Time since last request: 0.000022 seconds.
  path: Assets/Images/Xenon.png
  artifactKey: Guid(942c7217726a9074f93b8d20e975e825) Importer(815301076,1909f56bfc062723c751e8b465ee728b)
Start importing Assets/Images/Xenon.png using Guid(942c7217726a9074f93b8d20e975e825) Importer(815301076,1909f56bfc062723c751e8b465ee728b)  -> (artifact id: '289905188840f9bcaf556200f3870ad0') in 0.013076 seconds 
========================================================================
Received Import Request.
  Time since last request: 0.000029 seconds.
  path: Assets/Images/Neptunium.png
  artifactKey: Guid(562f22f22d001934396ea7ff0ecaccf2) Importer(815301076,1909f56bfc062723c751e8b465ee728b)
Start importing Assets/Images/Neptunium.png using Guid(562f22f22d001934396ea7ff0ecaccf2) Importer(815301076,1909f56bfc062723c751e8b465ee728b)  -> (artifact id: 'e7e9ac505372c3cd2fca2435c5cc0907') in 0.016239 seconds 
========================================================================
Received Import Request.
  Time since last request: 0.000025 seconds.
  path: Assets/Images/Molybdenum.png
  artifactKey: Guid(9f38f2ff91ad90146af004facff6127d) Importer(815301076,1909f56bfc062723c751e8b465ee728b)
Start importing Assets/Images/Molybdenum.png using Guid(9f38f2ff91ad90146af004facff6127d) Importer(815301076,1909f56bfc062723c751e8b465ee728b)  -> (artifact id: '653f267aa55628f320a003bf75cf0d77') in 0.013328 seconds 
========================================================================
Received Import Request.
  Time since last request: 0.000023 seconds.
  path: Assets/Images/Bohrium.png
  artifactKey: Guid(e0b02b59fe3f3bc4c8a0ba186fb2cb4e) Importer(815301076,1909f56bfc062723c751e8b465ee728b)
Start importing Assets/Images/Bohrium.png using Guid(e0b02b59fe3f3bc4c8a0ba186fb2cb4e) Importer(815301076,1909f56bfc062723c751e8b465ee728b)  -> (artifact id: '75867ac6e809988fe57ea2cb58659c22') in 0.015446 seconds 
========================================================================
Received Import Request.
  Time since last request: 0.000026 seconds.
  path: Assets/Images/Nitrogen.png
  artifactKey: Guid(a96e5d559f4eef940b19ab5d592da464) Importer(815301076,1909f56bfc062723c751e8b465ee728b)
Start importing Assets/Images/Nitrogen.png using Guid(a96e5d559f4eef940b19ab5d592da464) Importer(815301076,1909f56bfc062723c751e8b465ee728b)  -> (artifact id: 'ed809b54f88853edcb873ff7a4ea66c2') in 0.013993 seconds 
========================================================================
Received Import Request.
  Time since last request: 0.000028 seconds.
  path: Assets/Images/Lawrencium.png
  artifactKey: Guid(015a85620c42e4f44b8e731df74948b2) Importer(815301076,1909f56bfc062723c751e8b465ee728b)
Start importing Assets/Images/Lawrencium.png using Guid(015a85620c42e4f44b8e731df74948b2) Importer(815301076,1909f56bfc062723c751e8b465ee728b)  -> (artifact id: 'bcdb7fcfc72767e9f95ecca5355b1dad') in 0.010922 seconds 
========================================================================
Received Import Request.
  Time since last request: 0.000023 seconds.
  path: Assets/Images/Roentgenium.png
  artifactKey: Guid(34b21ac79dfd37e429e0cdf33c3200bf) Importer(815301076,1909f56bfc062723c751e8b465ee728b)
Start importing Assets/Images/Roentgenium.png using Guid(34b21ac79dfd37e429e0cdf33c3200bf) Importer(815301076,1909f56bfc062723c751e8b465ee728b)  -> (artifact id: 'c7361bf7da22d5441788706e878381b7') in 0.010559 seconds 
========================================================================
Received Import Request.
  Time since last request: 0.000019 seconds.
  path: Assets/Images/Darmstadtium.png
  artifactKey: Guid(19375117d2aea0f4285192c693f79690) Importer(815301076,1909f56bfc062723c751e8b465ee728b)
Start importing Assets/Images/Darmstadtium.png using Guid(19375117d2aea0f4285192c693f79690) Importer(815301076,1909f56bfc062723c751e8b465ee728b)  -> (artifact id: 'f57ce84c571522677615e0e067f9757e') in 0.011261 seconds 
========================================================================
Received Import Request.
  Time since last request: 0.000022 seconds.
  path: Assets/Images/Rutherfordium.png
  artifactKey: Guid(ba7a34efee8228840acdaa7937c6c6e5) Importer(815301076,1909f56bfc062723c751e8b465ee728b)
Start importing Assets/Images/Rutherfordium.png using Guid(ba7a34efee8228840acdaa7937c6c6e5) Importer(815301076,1909f56bfc062723c751e8b465ee728b)  -> (artifact id: '1d390f1837459463b3c93ee0a0f456a2') in 0.011118 seconds 
========================================================================
Received Import Request.
  Time since last request: 0.000027 seconds.
  path: Assets/Images/Palladium.png
  artifactKey: Guid(df9849c12bf9bd34faa6cf41c659e8cc) Importer(815301076,1909f56bfc062723c751e8b465ee728b)
Start importing Assets/Images/Palladium.png using Guid(df9849c12bf9bd34faa6cf41c659e8cc) Importer(815301076,1909f56bfc062723c751e8b465ee728b)  -> (artifact id: '654cf0c0b21a9884665b85eb4c8b0ddc') in 0.010669 seconds 
========================================================================
Received Import Request.
  Time since last request: 0.000024 seconds.
  path: Assets/Images/Iridium.png
  artifactKey: Guid(b5972f995ea43224e962e5524d1960c8) Importer(815301076,1909f56bfc062723c751e8b465ee728b)
Start importing Assets/Images/Iridium.png using Guid(b5972f995ea43224e962e5524d1960c8) Importer(815301076,1909f56bfc062723c751e8b465ee728b)  -> (artifact id: '2e617327755578d5c60bf23a4d7eda55') in 0.011615 seconds 
Editor requested this worker to shutdown with reason: Scaling down because of idle timeout
AssetImportWorker is now disconnected from the server
Process exiting
Exiting without the bug reporter. Application will terminate with return code 0