Using pre-set license
Built from '2021.3/staging' branch; Version is '2021.3.15f1 (e8e88683f834) revision 15263878'; Using compiler version '192829333'; Build Type 'Release'
OS: 'Windows 10  (10.0.19044) 64bit Core' Language: 'no' Physical Memory: 16319 MB
BatchMode: 1, IsHumanControllingUs: 0, StartBugReporterOnCrash: 0, Is64bit: 1, IsPro: 1

COMMAND LINE ARGUMENTS:
C:\Program Files\Unity\Hub\Editor\2021.3.15f1\Editor\Unity.exe
-adb2
-batchMode
-noUpm
-name
AssetImportWorker0
-projectPath
C:/Users/Lenita/Desktop/Unity_Bachelor/VR_Battery_Lab
-logFile
Logs/AssetImportWorker0.log
-srvPort
52591
Successfully changed project path to: C:/Users/Lenita/Desktop/Unity_Bachelor/VR_Battery_Lab
C:/Users/Lenita/Desktop/Unity_Bachelor/VR_Battery_Lab
[UnityMemory] Configuration Parameters - Can be set up in boot.config
    "memorysetup-bucket-allocator-granularity=16"
    "memorysetup-bucket-allocator-bucket-count=8"
    "memorysetup-bucket-allocator-block-size=33554432"
    "memorysetup-bucket-allocator-block-count=8"
    "memorysetup-main-allocator-block-size=16777216"
    "memorysetup-thread-allocator-block-size=16777216"
    "memorysetup-gfx-main-allocator-block-size=16777216"
    "memorysetup-gfx-thread-allocator-block-size=16777216"
    "memorysetup-cache-allocator-block-size=4194304"
    "memorysetup-typetree-allocator-block-size=2097152"
    "memorysetup-profiler-bucket-allocator-granularity=16"
    "memorysetup-profiler-bucket-allocator-bucket-count=8"
    "memorysetup-profiler-bucket-allocator-block-size=33554432"
    "memorysetup-profiler-bucket-allocator-block-count=8"
    "memorysetup-profiler-allocator-block-size=16777216"
    "memorysetup-profiler-editor-allocator-block-size=1048576"
    "memorysetup-temp-allocator-size-main=16777216"
    "memorysetup-job-temp-allocator-block-size=2097152"
    "memorysetup-job-temp-allocator-block-size-background=1048576"
    "memorysetup-job-temp-allocator-reduction-small-platforms=262144"
    "memorysetup-temp-allocator-size-background-worker=32768"
    "memorysetup-temp-allocator-size-job-worker=262144"
    "memorysetup-temp-allocator-size-preload-manager=33554432"
    "memorysetup-temp-allocator-size-nav-mesh-worker=65536"
    "memorysetup-temp-allocator-size-audio-worker=65536"
    "memorysetup-temp-allocator-size-cloud-worker=32768"
    "memorysetup-temp-allocator-size-gi-baking-worker=262144"
    "memorysetup-temp-allocator-size-gfx=262144"
Player connection [50816] Host "[IP] 192.168.2.206 [Port] 0 [Flags] 2 [Guid] 1378187159 [EditorId] 1378187159 [Version] 1048832 [Id] WindowsEditor(7,DESKTOP-7B9AL1U) [Debug] 1 [PackageName] WindowsEditor [ProjectName] Editor" joined multi-casting on [225.0.0.222:54997]...

Player connection [50816] Host "[IP] 192.168.2.206 [Port] 0 [Flags] 2 [Guid] 1378187159 [EditorId] 1378187159 [Version] 1048832 [Id] WindowsEditor(7,DESKTOP-7B9AL1U) [Debug] 1 [PackageName] WindowsEditor [ProjectName] Editor" joined alternative multi-casting on [225.0.0.222:34997]...

Refreshing native plugins compatible for Editor in 113.91 ms, found 12 plugins.
Preloading 1 native plugins for Editor in 0.49 ms.
Initialize engine version: 2021.3.15f1 (e8e88683f834)
[Subsystems] Discovering subsystems at path C:/Program Files/Unity/Hub/Editor/2021.3.15f1/Editor/Data/Resources/UnitySubsystems
[Subsystems] Discovering subsystems at path C:/Users/Lenita/Desktop/Unity_Bachelor/VR_Battery_Lab/Assets
GfxDevice: creating device client; threaded=0; jobified=0
Direct3D:
    Version:  Direct3D 11.0 [level 11.1]
    Renderer: NVIDIA GeForce RTX 2060 (ID=0x1e89)
    Vendor:   NVIDIA
    VRAM:     5968 MB
    Driver:   31.0.15.1694
Initialize mono
Mono path[0] = 'C:/Program Files/Unity/Hub/Editor/2021.3.15f1/Editor/Data/Managed'
Mono path[1] = 'C:/Program Files/Unity/Hub/Editor/2021.3.15f1/Editor/Data/MonoBleedingEdge/lib/mono/unityjit-win32'
Mono config path = 'C:/Program Files/Unity/Hub/Editor/2021.3.15f1/Editor/Data/MonoBleedingEdge/etc'
Using monoOptions --debugger-agent=transport=dt_socket,embedding=1,server=y,suspend=n,address=127.0.0.1:56940
Begin MonoManager ReloadAssembly
Registering precompiled unity dll's ...
Register platform support module: C:/Program Files/Unity/Hub/Editor/2021.3.15f1/Editor/Data/PlaybackEngines/WebGLSupport/UnityEditor.WebGL.Extensions.dll
Register platform support module: C:/Program Files/Unity/Hub/Editor/2021.3.15f1/Editor/Data/PlaybackEngines/WindowsStandaloneSupport/UnityEditor.WindowsStandalone.Extensions.dll
Registered in 0.007311 seconds.
Native extension for WindowsStandalone target not found
Native extension for WebGL target not found
Refreshing native plugins compatible for Editor in 105.45 ms, found 12 plugins.
Preloading 1 native plugins for Editor in 0.08 ms.
Mono: successfully reloaded assembly
- Completed reload, in  0.732 seconds
Domain Reload Profiling:
	ReloadAssembly (733ms)
		BeginReloadAssembly (80ms)
			ExecutionOrderSort (0ms)
			DisableScriptedObjects (0ms)
			BackupInstance (0ms)
			ReleaseScriptingObjects (0ms)
			CreateAndSetChildDomain (1ms)
		EndReloadAssembly (531ms)
			LoadAssemblies (77ms)
			RebuildTransferFunctionScriptingTraits (0ms)
			SetupTypeCache (117ms)
			ReleaseScriptCaches (0ms)
			RebuildScriptCaches (26ms)
			SetupLoadedEditorAssemblies (334ms)
				LogAssemblyErrors (0ms)
				InitializePlatformSupportModulesInManaged (8ms)
				SetLoadedEditorAssemblies (0ms)
				RefreshPlugins (106ms)
				BeforeProcessingInitializeOnLoad (1ms)
				ProcessInitializeOnLoadAttributes (166ms)
				ProcessInitializeOnLoadMethodAttributes (52ms)
				AfterProcessingInitializeOnLoad (0ms)
				EditorAssembliesLoaded (0ms)
			ExecutionOrderSort2 (0ms)
			AwakeInstancesAfterBackupRestoration (0ms)
Platform modules already initialized, skipping
Registering precompiled user dll's ...
Registered in 0.017534 seconds.
Begin MonoManager ReloadAssembly
Symbol file LoadedFromMemory doesn't match image C:\Users\Lenita\Desktop\Unity_Bachelor\VR_Battery_Lab\Library\PackageCache\com.unity.visualscripting@1.7.8\Editor\VisualScripting.Core\Dependencies\DotNetZip\Unity.VisualScripting.IonicZip.dll
Symbol file LoadedFromMemory doesn't match image C:\Users\Lenita\Desktop\Unity_Bachelor\VR_Battery_Lab\Library\PackageCache\com.unity.visualscripting@1.7.8\Editor\VisualScripting.Core\Dependencies\YamlDotNet\Unity.VisualScripting.YamlDotNet.dll
Native extension for WindowsStandalone target not found
Native extension for WebGL target not found
Refreshing native plugins compatible for Editor in 99.26 ms, found 12 plugins.
Preloading 1 native plugins for Editor in 0.08 ms.
Package Manager log level set to [2]
System.Reflection.TargetInvocationException: Exception has been thrown by the target of an invocation. ---> System.NullReferenceException: Object reference not set to an instance of an object
  at Unity.XR.Oculus.OculusLoader.AssetPathToAbsolutePath (System.String assetPath) [0x0003d] in C:\Users\Lenita\Desktop\Unity_Bachelor\VR_Battery_Lab\Library\PackageCache\com.unity.xr.oculus@3.2.2\Runtime\OculusLoader.cs:296 
  at Unity.XR.Oculus.OculusLoader.EditorLoadOVRPlugin () [0x0007b] in C:\Users\Lenita\Desktop\Unity_Bachelor\VR_Battery_Lab\Library\PackageCache\com.unity.xr.oculus@3.2.2\Runtime\OculusLoader.cs:281 
  at (wrapper managed-to-native) System.Reflection.RuntimeMethodInfo.InternalInvoke(System.Reflection.RuntimeMethodInfo,object,object[],System.Exception&)
  at System.Reflection.RuntimeMethodInfo.Invoke (System.Object obj, System.Reflection.BindingFlags invokeAttr, System.Reflection.Binder binder, System.Object[] parameters, System.Globalization.CultureInfo culture) [0x0006a] in <d6232873609549b8a045fa15811a5bd3>:0 
   --- End of inner exception stack trace ---
  at System.Reflection.RuntimeMethodInfo.Invoke (System.Object obj, System.Reflection.BindingFlags invokeAttr, System.Reflection.Binder binder, System.Object[] parameters, System.Globalization.CultureInfo culture) [0x00083] in <d6232873609549b8a045fa15811a5bd3>:0 
  at System.Reflection.MethodBase.Invoke (System.Object obj, System.Object[] parameters) [0x00000] in <d6232873609549b8a045fa15811a5bd3>:0 
  at UnityEditor.EditorAssemblies.ProcessInitializeOnLoadMethodAttributes () [0x000a5] in <63965ae56af7489797f355b7c1211ab2>:0 
UnityEngine.StackTraceUtility:ExtractStackTrace ()
UnityEngine.DebugLogHandler:LogFormat (UnityEngine.LogType,UnityEngine.Object,string,object[])
UnityEngine.Logger:Log (UnityEngine.LogType,object)
UnityEngine.Debug:LogError (object)
UnityEditor.EditorAssemblies:ProcessInitializeOnLoadMethodAttributes ()

Mono: successfully reloaded assembly
- Completed reload, in  1.379 seconds
Domain Reload Profiling:
	ReloadAssembly (1379ms)
		BeginReloadAssembly (103ms)
			ExecutionOrderSort (0ms)
			DisableScriptedObjects (5ms)
			BackupInstance (0ms)
			ReleaseScriptingObjects (0ms)
			CreateAndSetChildDomain (19ms)
		EndReloadAssembly (1158ms)
			LoadAssemblies (89ms)
			RebuildTransferFunctionScriptingTraits (0ms)
			SetupTypeCache (348ms)
			ReleaseScriptCaches (1ms)
			RebuildScriptCaches (87ms)
			SetupLoadedEditorAssemblies (563ms)
				LogAssemblyErrors (0ms)
				InitializePlatformSupportModulesInManaged (5ms)
				SetLoadedEditorAssemblies (0ms)
				RefreshPlugins (99ms)
				BeforeProcessingInitializeOnLoad (107ms)
				ProcessInitializeOnLoadAttributes (310ms)
				ProcessInitializeOnLoadMethodAttributes (34ms)
				AfterProcessingInitializeOnLoad (8ms)
				EditorAssembliesLoaded (0ms)
			ExecutionOrderSort2 (0ms)
			AwakeInstancesAfterBackupRestoration (9ms)
Platform modules already initialized, skipping
========================================================================
Worker process is ready to serve import requests
Launched and connected shader compiler UnityShaderCompiler.exe after 0.04 seconds
Refreshing native plugins compatible for Editor in 0.92 ms, found 12 plugins.
Preloading 1 native plugins for Editor in 0.08 ms.
Unloading 4390 Unused Serialized files (Serialized files now loaded: 0)
Unloading 52 unused Assets / (57.2 KB). Loaded Objects now: 4831.
Memory consumption went from 153.3 MB to 153.3 MB.
Total: 3.633700 ms (FindLiveObjects: 0.450500 ms CreateObjectMapping: 0.331700 ms MarkObjects: 2.760900 ms  DeleteObjects: 0.089900 ms)

AssetImportParameters requested are different than current active one (requested -> active):
  custom:video-decoder-ogg-theora: a1e56fd34408186e4bbccfd4996cb3dc -> 
  custom:container-muxer-webm: aa71ff27fc2769a1b78a27578f13a17b -> 
  custom:container-demuxer-webm: 4f35f7cbe854078d1ac9338744f61a02 -> 
  custom:video-encoder-webm-vp8: eb34c28f22e8b96e1ab97ce403110664 -> 
  custom:audio-encoder-webm-vorbis: bf7c407c2cedff20999df2af8eb42d56 -> 
  custom:framework-win-MediaFoundation: 216162199b28c13a410421893ffa2e32 -> 
  custom:container-demuxer-ogg: 62fdf1f143b41e24485cea50d1cbac27 -> 
  custom:video-decoder-webm-vp8: 9c59270c3fd7afecdb556c50c9e8de78 -> 
  custom:audio-decoder-ogg-vorbis: bf7c407c2cedff20999df2af8eb42d56 -> 
========================================================================
Received Import Request.
  Time since last request: 959620.648581 seconds.
  path: Assets/Images/Tennessine.png
  artifactKey: Guid(26f5ed729e3aa4546a155671143290dd) Importer(815301076,1909f56bfc062723c751e8b465ee728b)
Start importing Assets/Images/Tennessine.png using Guid(26f5ed729e3aa4546a155671143290dd) Importer(815301076,1909f56bfc062723c751e8b465ee728b)  -> (artifact id: '90ae03ee28341e17d08b393e4d4df0b7') in 0.114991 seconds 
========================================================================
Received Import Request.
  Time since last request: 0.000026 seconds.
  path: Assets/Images/Strontium.png
  artifactKey: Guid(7f81c3e61d6deb14d9dacf95b046c931) Importer(815301076,1909f56bfc062723c751e8b465ee728b)
Start importing Assets/Images/Strontium.png using Guid(7f81c3e61d6deb14d9dacf95b046c931) Importer(815301076,1909f56bfc062723c751e8b465ee728b)  -> (artifact id: '8fa68216ed42de353d112e44b762bd32') in 0.012334 seconds 
========================================================================
Received Import Request.
  Time since last request: 0.000015 seconds.
  path: Assets/Images/Actinium.png
  artifactKey: Guid(a3e8df08ad7be7c46998ce5ca16ef40a) Importer(815301076,1909f56bfc062723c751e8b465ee728b)
Start importing Assets/Images/Actinium.png using Guid(a3e8df08ad7be7c46998ce5ca16ef40a) Importer(815301076,1909f56bfc062723c751e8b465ee728b)  -> (artifact id: 'e5fac0dcb0baa4f978a11111c808c3f9') in 0.010685 seconds 
========================================================================
Received Import Request.
  Time since last request: 0.000025 seconds.
  path: Assets/Images/Fermium.png
  artifactKey: Guid(bb0f1e786f61fdb469c1133ce4faeeff) Importer(815301076,1909f56bfc062723c751e8b465ee728b)
Start importing Assets/Images/Fermium.png using Guid(bb0f1e786f61fdb469c1133ce4faeeff) Importer(815301076,1909f56bfc062723c751e8b465ee728b)  -> (artifact id: 'aa0fb6da47473313ddb509a0cff6cb76') in 0.011414 seconds 
========================================================================
Received Import Request.
  Time since last request: 0.000020 seconds.
  path: Assets/Images/Holmium.png
  artifactKey: Guid(d3756fa54cc7dee48953248285f77378) Importer(815301076,1909f56bfc062723c751e8b465ee728b)
Start importing Assets/Images/Holmium.png using Guid(d3756fa54cc7dee48953248285f77378) Importer(815301076,1909f56bfc062723c751e8b465ee728b)  -> (artifact id: '314e05239be73d6704d5245f0ad9edc1') in 0.012879 seconds 
========================================================================
Received Import Request.
  Time since last request: 0.000017 seconds.
  path: Assets/Images/Mendelevium.png
  artifactKey: Guid(8ed1d498d2d8d1141b7514a3bf129fde) Importer(815301076,1909f56bfc062723c751e8b465ee728b)
Start importing Assets/Images/Mendelevium.png using Guid(8ed1d498d2d8d1141b7514a3bf129fde) Importer(815301076,1909f56bfc062723c751e8b465ee728b)  -> (artifact id: 'c58ea9534e28f67dc3ec792bfacdc990') in 0.012581 seconds 
========================================================================
Received Import Request.
  Time since last request: 0.000019 seconds.
  path: Assets/Images/Moscovium.png
  artifactKey: Guid(8273d2e3f4763ad4da32100a2915ce3a) Importer(815301076,1909f56bfc062723c751e8b465ee728b)
Start importing Assets/Images/Moscovium.png using Guid(8273d2e3f4763ad4da32100a2915ce3a) Importer(815301076,1909f56bfc062723c751e8b465ee728b)  -> (artifact id: '41b0ce6e7f32f1ddf2c7d125af20d259') in 0.012582 seconds 
========================================================================
Received Import Request.
  Time since last request: 0.000040 seconds.
  path: Assets/Images/Rhenium.png
  artifactKey: Guid(98ed6ad59d688574297a38cd2fe0a1cf) Importer(815301076,1909f56bfc062723c751e8b465ee728b)
Start importing Assets/Images/Rhenium.png using Guid(98ed6ad59d688574297a38cd2fe0a1cf) Importer(815301076,1909f56bfc062723c751e8b465ee728b)  -> (artifact id: 'e0afa2b3ad0c109b2fb14c5b9437f6f0') in 0.011264 seconds 
========================================================================
Received Import Request.
  Time since last request: 0.000021 seconds.
  path: Assets/Images/Niobium.png
  artifactKey: Guid(0453674d11665c4459e4d23acd39174f) Importer(815301076,1909f56bfc062723c751e8b465ee728b)
Start importing Assets/Images/Niobium.png using Guid(0453674d11665c4459e4d23acd39174f) Importer(815301076,1909f56bfc062723c751e8b465ee728b)  -> (artifact id: 'dcca0851335f469cb21a3d712c2c3c75') in 0.013326 seconds 
========================================================================
Received Import Request.
  Time since last request: 0.000014 seconds.
  path: Assets/Images/Antimony.png
  artifactKey: Guid(265bca51d98391347b1bc32eefb4a3de) Importer(815301076,1909f56bfc062723c751e8b465ee728b)
Start importing Assets/Images/Antimony.png using Guid(265bca51d98391347b1bc32eefb4a3de) Importer(815301076,1909f56bfc062723c751e8b465ee728b)  -> (artifact id: 'f2d3a6994ae6bd3eb775aacd569642a5') in 0.012244 seconds 
========================================================================
Received Import Request.
  Time since last request: 0.000018 seconds.
  path: Assets/Images/Iodine.png
  artifactKey: Guid(25c23c1fbfed0634d967ab3a9c85ffc1) Importer(815301076,1909f56bfc062723c751e8b465ee728b)
Start importing Assets/Images/Iodine.png using Guid(25c23c1fbfed0634d967ab3a9c85ffc1) Importer(815301076,1909f56bfc062723c751e8b465ee728b)  -> (artifact id: '5273bf1bf225c8397de7161f4ec943ce') in 0.012336 seconds 
========================================================================
Received Import Request.
  Time since last request: 0.000026 seconds.
  path: Assets/Images/Gallium.png
  artifactKey: Guid(d3fda078a690f5649bcaceada96e42c8) Importer(815301076,1909f56bfc062723c751e8b465ee728b)
Start importing Assets/Images/Gallium.png using Guid(d3fda078a690f5649bcaceada96e42c8) Importer(815301076,1909f56bfc062723c751e8b465ee728b)  -> (artifact id: 'cb5dfd5a71f6552db5031fb37a9d459f') in 0.012912 seconds 
========================================================================
Received Import Request.
  Time since last request: 0.000018 seconds.
  path: Assets/Images/Tungsten.png
  artifactKey: Guid(4072d2d97da1d7745b38a7f919695e5e) Importer(815301076,1909f56bfc062723c751e8b465ee728b)
Start importing Assets/Images/Tungsten.png using Guid(4072d2d97da1d7745b38a7f919695e5e) Importer(815301076,1909f56bfc062723c751e8b465ee728b)  -> (artifact id: '01f28505b7c7f276728408b5ea7e213a') in 0.012183 seconds 
========================================================================
Received Import Request.
  Time since last request: 0.000021 seconds.
  path: Assets/Images/Gold.png
  artifactKey: Guid(f507d33aac142924b94fcd1b41fb56b3) Importer(815301076,1909f56bfc062723c751e8b465ee728b)
Start importing Assets/Images/Gold.png using Guid(f507d33aac142924b94fcd1b41fb56b3) Importer(815301076,1909f56bfc062723c751e8b465ee728b)  -> (artifact id: 'a3ba21003e84d80928da5e7c9f76db01') in 0.012049 seconds 
========================================================================
Received Import Request.
  Time since last request: 0.000019 seconds.
  path: Assets/Images/Ruthenium.png
  artifactKey: Guid(fca8f8b8d1b628b4cba1ee89514eefd9) Importer(815301076,1909f56bfc062723c751e8b465ee728b)
Start importing Assets/Images/Ruthenium.png using Guid(fca8f8b8d1b628b4cba1ee89514eefd9) Importer(815301076,1909f56bfc062723c751e8b465ee728b)  -> (artifact id: '5104c1e861352287e6f3b75625a414cf') in 0.014817 seconds 
========================================================================
Received Import Request.
  Time since last request: 0.000026 seconds.
  path: Assets/Images/Copernicium.png
  artifactKey: Guid(85e13580845093847bd0af81803dd92d) Importer(815301076,1909f56bfc062723c751e8b465ee728b)
Start importing Assets/Images/Copernicium.png using Guid(85e13580845093847bd0af81803dd92d) Importer(815301076,1909f56bfc062723c751e8b465ee728b)  -> (artifact id: '59bc9f353c530e451df7f22e9b813070') in 0.011817 seconds 
========================================================================
Received Import Request.
  Time since last request: 0.000020 seconds.
  path: Assets/Images/Cerium.png
  artifactKey: Guid(8101b5f16fb32e047966040a954f8b55) Importer(815301076,1909f56bfc062723c751e8b465ee728b)
Start importing Assets/Images/Cerium.png using Guid(8101b5f16fb32e047966040a954f8b55) Importer(815301076,1909f56bfc062723c751e8b465ee728b)  -> (artifact id: '8f653dd21fb8913a4067a615350b221e') in 0.010634 seconds 
========================================================================
Received Import Request.
  Time since last request: 0.000022 seconds.
  path: Assets/Images/Nobelium.png
  artifactKey: Guid(883ad804a4ae7dc4da67db7844ccfc4c) Importer(815301076,1909f56bfc062723c751e8b465ee728b)
Start importing Assets/Images/Nobelium.png using Guid(883ad804a4ae7dc4da67db7844ccfc4c) Importer(815301076,1909f56bfc062723c751e8b465ee728b)  -> (artifact id: '7cb7b037bca58258e1c4ec2169c68479') in 0.010943 seconds 
========================================================================
Received Import Request.
  Time since last request: 0.000027 seconds.
  path: Assets/Images/Thorium.png
  artifactKey: Guid(367426bf69183024cbe8bdfd0d32d723) Importer(815301076,1909f56bfc062723c751e8b465ee728b)
Start importing Assets/Images/Thorium.png using Guid(367426bf69183024cbe8bdfd0d32d723) Importer(815301076,1909f56bfc062723c751e8b465ee728b)  -> (artifact id: '3e081c3e3e706a8e01c43137ea6e8aa6') in 0.014108 seconds 
========================================================================
Received Import Request.
  Time since last request: 0.000033 seconds.
  path: Assets/Images/Tellurium.png
  artifactKey: Guid(0f675224c0df3c047ab0b1410386b15f) Importer(815301076,1909f56bfc062723c751e8b465ee728b)
Start importing Assets/Images/Tellurium.png using Guid(0f675224c0df3c047ab0b1410386b15f) Importer(815301076,1909f56bfc062723c751e8b465ee728b)  -> (artifact id: '5aa9b5622d9b2a5a34bdbc83c742cd7b') in 0.011440 seconds 
========================================================================
Received Import Request.
  Time since last request: 0.000020 seconds.
  path: Assets/Images/Curium.png
  artifactKey: Guid(55f8646d99e0ea84d9f13027fb6b3884) Importer(815301076,1909f56bfc062723c751e8b465ee728b)
Start importing Assets/Images/Curium.png using Guid(55f8646d99e0ea84d9f13027fb6b3884) Importer(815301076,1909f56bfc062723c751e8b465ee728b)  -> (artifact id: '7d15e36f16ee9b2332aa19a40ac67928') in 0.011686 seconds 
========================================================================
Received Import Request.
  Time since last request: 0.000019 seconds.
  path: Assets/Images/Rhodium.png
  artifactKey: Guid(fc1eea0e92e7ac5488efad5350d14495) Importer(815301076,1909f56bfc062723c751e8b465ee728b)
Start importing Assets/Images/Rhodium.png using Guid(fc1eea0e92e7ac5488efad5350d14495) Importer(815301076,1909f56bfc062723c751e8b465ee728b)  -> (artifact id: 'b0b9787701e9c0084e382d22b5803725') in 0.012863 seconds 
========================================================================
Received Import Request.
  Time since last request: 0.000024 seconds.
  path: Assets/Images/Silicon.png
  artifactKey: Guid(6a81051f99344c042bf4b8ac9dfea07f) Importer(815301076,1909f56bfc062723c751e8b465ee728b)
Start importing Assets/Images/Silicon.png using Guid(6a81051f99344c042bf4b8ac9dfea07f) Importer(815301076,1909f56bfc062723c751e8b465ee728b)  -> (artifact id: '4cf29b2f2a4afbebc0d315fc8b153a47') in 0.011558 seconds 
========================================================================
Received Import Request.
  Time since last request: 0.000018 seconds.
  path: Assets/Images/Magnesium.png
  artifactKey: Guid(79e8c899a359b6a408095c5d8164798f) Importer(815301076,1909f56bfc062723c751e8b465ee728b)
Start importing Assets/Images/Magnesium.png using Guid(79e8c899a359b6a408095c5d8164798f) Importer(815301076,1909f56bfc062723c751e8b465ee728b)  -> (artifact id: 'f99da4a90fdb2583b059d8d347e31e9c') in 0.014081 seconds 
========================================================================
Received Import Request.
  Time since last request: 0.000021 seconds.
  path: Assets/Images/Titanium.png
  artifactKey: Guid(9c0268fdbeaa9fc49ab1c34ad7f35cb6) Importer(815301076,1909f56bfc062723c751e8b465ee728b)
Start importing Assets/Images/Titanium.png using Guid(9c0268fdbeaa9fc49ab1c34ad7f35cb6) Importer(815301076,1909f56bfc062723c751e8b465ee728b)  -> (artifact id: 'f396d2effd1718edc7d2f4e8d4c9d53c') in 0.011814 seconds 
========================================================================
Received Import Request.
  Time since last request: 0.000026 seconds.
  path: Assets/Images/Dubnium.png
  artifactKey: Guid(90f6d64ff3682904595ac0782f9abf70) Importer(815301076,1909f56bfc062723c751e8b465ee728b)
Start importing Assets/Images/Dubnium.png using Guid(90f6d64ff3682904595ac0782f9abf70) Importer(815301076,1909f56bfc062723c751e8b465ee728b)  -> (artifact id: '49f92b8f6d8a5ed6d189e6f69d23fc38') in 0.012004 seconds 
========================================================================
Received Import Request.
  Time since last request: 0.000019 seconds.
  path: Assets/Images/Manganese.png
  artifactKey: Guid(118769b8771d78742b0064ee1f63f9e3) Importer(815301076,1909f56bfc062723c751e8b465ee728b)
Start importing Assets/Images/Manganese.png using Guid(118769b8771d78742b0064ee1f63f9e3) Importer(815301076,1909f56bfc062723c751e8b465ee728b)  -> (artifact id: 'b49fe8ae8fe5c406ed5f9dee30129f32') in 0.013886 seconds 
========================================================================
Received Import Request.
  Time since last request: 0.000030 seconds.
  path: Assets/Images/Oxugen.png
  artifactKey: Guid(d957abe401f70294f850cef3d1ca0832) Importer(815301076,1909f56bfc062723c751e8b465ee728b)
Start importing Assets/Images/Oxugen.png using Guid(d957abe401f70294f850cef3d1ca0832) Importer(815301076,1909f56bfc062723c751e8b465ee728b)  -> (artifact id: 'f1e06a6988a22c291f94280ebbe18cb8') in 0.014111 seconds 
========================================================================
Received Import Request.
  Time since last request: 0.000020 seconds.
  path: Assets/Images/Uranium.png
  artifactKey: Guid(2b3988542f6cb374c8a3f12a92f44220) Importer(815301076,1909f56bfc062723c751e8b465ee728b)
Start importing Assets/Images/Uranium.png using Guid(2b3988542f6cb374c8a3f12a92f44220) Importer(815301076,1909f56bfc062723c751e8b465ee728b)  -> (artifact id: '959c9d19672e9988857324c07d82d26a') in 0.013571 seconds 
========================================================================
Received Import Request.
  Time since last request: 0.000027 seconds.
  path: Assets/Images/Cadmium.png
  artifactKey: Guid(4181ff6daedb5dc49985050bad78b34c) Importer(815301076,1909f56bfc062723c751e8b465ee728b)
Start importing Assets/Images/Cadmium.png using Guid(4181ff6daedb5dc49985050bad78b34c) Importer(815301076,1909f56bfc062723c751e8b465ee728b)  -> (artifact id: '3a291805befb0c7726ca973b92a9f1ae') in 0.012649 seconds 
========================================================================
Received Import Request.
  Time since last request: 0.000041 seconds.
  path: Assets/Images/Barium.png
  artifactKey: Guid(416609227eda4d34c896e0f3b8ba23d0) Importer(815301076,1909f56bfc062723c751e8b465ee728b)
Start importing Assets/Images/Barium.png using Guid(416609227eda4d34c896e0f3b8ba23d0) Importer(815301076,1909f56bfc062723c751e8b465ee728b)  -> (artifact id: '546feb540cff1d2339132db06d5f74c7') in 0.014681 seconds 
========================================================================
Received Import Request.
  Time since last request: 0.000029 seconds.
  path: Assets/Images/Terbium.png
  artifactKey: Guid(b40bb97c76537504ab8e4e04cdd3ad6b) Importer(815301076,1909f56bfc062723c751e8b465ee728b)
Start importing Assets/Images/Terbium.png using Guid(b40bb97c76537504ab8e4e04cdd3ad6b) Importer(815301076,1909f56bfc062723c751e8b465ee728b)  -> (artifact id: '1d7192718c864ee655a3cc72bb5d6457') in 0.014021 seconds 
========================================================================
Received Import Request.
  Time since last request: 0.000031 seconds.
  path: Assets/Images/Scandium.png
  artifactKey: Guid(f27225fd83bbdeb4ba479fa64a381d18) Importer(815301076,1909f56bfc062723c751e8b465ee728b)
Start importing Assets/Images/Scandium.png using Guid(f27225fd83bbdeb4ba479fa64a381d18) Importer(815301076,1909f56bfc062723c751e8b465ee728b)  -> (artifact id: 'd0979c36901bd8270d3eca622255cd26') in 0.013811 seconds 
========================================================================
Received Import Request.
  Time since last request: 0.000022 seconds.
  path: Assets/Images/Hassium.png
  artifactKey: Guid(98a9b623a40578a499d4d7a6aab2ef8e) Importer(815301076,1909f56bfc062723c751e8b465ee728b)
Start importing Assets/Images/Hassium.png using Guid(98a9b623a40578a499d4d7a6aab2ef8e) Importer(815301076,1909f56bfc062723c751e8b465ee728b)  -> (artifact id: 'd5d0c89de6ad55da0a30d8ff1a525c19') in 0.013605 seconds 
========================================================================
Received Import Request.
  Time since last request: 0.000018 seconds.
  path: Assets/Images/Sulfur.png
  artifactKey: Guid(be5075e3d967fed4999bfb07acea2cdd) Importer(815301076,1909f56bfc062723c751e8b465ee728b)
Start importing Assets/Images/Sulfur.png using Guid(be5075e3d967fed4999bfb07acea2cdd) Importer(815301076,1909f56bfc062723c751e8b465ee728b)  -> (artifact id: 'ae71e930cdb0715056bd508dface835d') in 0.010830 seconds 
========================================================================
Received Import Request.
  Time since last request: 0.000016 seconds.
  path: Assets/Images/Erbium.png
  artifactKey: Guid(e0add6eea5d052a4296e94065a029023) Importer(815301076,1909f56bfc062723c751e8b465ee728b)
Start importing Assets/Images/Erbium.png using Guid(e0add6eea5d052a4296e94065a029023) Importer(815301076,1909f56bfc062723c751e8b465ee728b)  -> (artifact id: 'a96ee8e7113ef2db6b78e5c3dff220d8') in 0.011197 seconds 
========================================================================
Received Import Request.
  Time since last request: 0.000031 seconds.
  path: Assets/Images/Aluminum.png
  artifactKey: Guid(1befa7185b28875428262449ad19634e) Importer(815301076,1909f56bfc062723c751e8b465ee728b)
Start importing Assets/Images/Aluminum.png using Guid(1befa7185b28875428262449ad19634e) Importer(815301076,1909f56bfc062723c751e8b465ee728b)  -> (artifact id: '5f1ea8d77b2eb37478c74b3973c1beb8') in 0.011544 seconds 
========================================================================
Received Import Request.
  Time since last request: 0.000024 seconds.
  path: Assets/Images/Hydrogen.png
  artifactKey: Guid(4800b663f32c5f643afc0032692798cb) Importer(815301076,1909f56bfc062723c751e8b465ee728b)
Start importing Assets/Images/Hydrogen.png using Guid(4800b663f32c5f643afc0032692798cb) Importer(815301076,1909f56bfc062723c751e8b465ee728b)  -> (artifact id: 'ae2477d3617d6adff600d8572846407f') in 0.013431 seconds 
========================================================================
Received Import Request.
  Time since last request: 0.000023 seconds.
  path: Assets/Images/Helium.png
  artifactKey: Guid(0917ce8f30d56e342a760420e21b3e3e) Importer(815301076,1909f56bfc062723c751e8b465ee728b)
Start importing Assets/Images/Helium.png using Guid(0917ce8f30d56e342a760420e21b3e3e) Importer(815301076,1909f56bfc062723c751e8b465ee728b)  -> (artifact id: '8bd993861092d8f73f23808a97327b75') in 0.011054 seconds 
========================================================================
Received Import Request.
  Time since last request: 0.000022 seconds.
  path: Assets/Images/Fluorine.png
  artifactKey: Guid(999e83b33f17cd54298f8c9b06e3de2f) Importer(815301076,1909f56bfc062723c751e8b465ee728b)
Start importing Assets/Images/Fluorine.png using Guid(999e83b33f17cd54298f8c9b06e3de2f) Importer(815301076,1909f56bfc062723c751e8b465ee728b)  -> (artifact id: '5e67bc61842db56bc0e8c2b25c21bd33') in 0.009343 seconds 
