Using pre-set license
Built from '2021.3/staging' branch; Version is '2021.3.15f1 (e8e88683f834) revision 15263878'; Using compiler version '192829333'; Build Type 'Release'
OS: 'Windows 10  (10.0.19044) 64bit Core' Language: 'no' Physical Memory: 16319 MB
BatchMode: 1, IsHumanControllingUs: 0, StartBugReporterOnCrash: 0, Is64bit: 1, IsPro: 1

COMMAND LINE ARGUMENTS:
C:\Program Files\Unity\Hub\Editor\2021.3.15f1\Editor\Unity.exe
-adb2
-batchMode
-noUpm
-name
AssetImportWorker2
-projectPath
C:/Users/Lenita/Desktop/Unity_Bachelor/VR_Battery_Lab
-logFile
Logs/AssetImportWorker2.log
-srvPort
52591
Successfully changed project path to: C:/Users/Lenita/Desktop/Unity_Bachelor/VR_Battery_Lab
C:/Users/Lenita/Desktop/Unity_Bachelor/VR_Battery_Lab
[UnityMemory] Configuration Parameters - Can be set up in boot.config
    "memorysetup-bucket-allocator-granularity=16"
    "memorysetup-bucket-allocator-bucket-count=8"
    "memorysetup-bucket-allocator-block-size=33554432"
    "memorysetup-bucket-allocator-block-count=8"
    "memorysetup-main-allocator-block-size=16777216"
    "memorysetup-thread-allocator-block-size=16777216"
    "memorysetup-gfx-main-allocator-block-size=16777216"
    "memorysetup-gfx-thread-allocator-block-size=16777216"
    "memorysetup-cache-allocator-block-size=4194304"
    "memorysetup-typetree-allocator-block-size=2097152"
    "memorysetup-profiler-bucket-allocator-granularity=16"
    "memorysetup-profiler-bucket-allocator-bucket-count=8"
    "memorysetup-profiler-bucket-allocator-block-size=33554432"
    "memorysetup-profiler-bucket-allocator-block-count=8"
    "memorysetup-profiler-allocator-block-size=16777216"
    "memorysetup-profiler-editor-allocator-block-size=1048576"
    "memorysetup-temp-allocator-size-main=16777216"
    "memorysetup-job-temp-allocator-block-size=2097152"
    "memorysetup-job-temp-allocator-block-size-background=1048576"
    "memorysetup-job-temp-allocator-reduction-small-platforms=262144"
    "memorysetup-temp-allocator-size-background-worker=32768"
    "memorysetup-temp-allocator-size-job-worker=262144"
    "memorysetup-temp-allocator-size-preload-manager=33554432"
    "memorysetup-temp-allocator-size-nav-mesh-worker=65536"
    "memorysetup-temp-allocator-size-audio-worker=65536"
    "memorysetup-temp-allocator-size-cloud-worker=32768"
    "memorysetup-temp-allocator-size-gi-baking-worker=262144"
    "memorysetup-temp-allocator-size-gfx=262144"
Player connection [38876] Host "[IP] 192.168.2.206 [Port] 0 [Flags] 2 [Guid] 1607153069 [EditorId] 1607153069 [Version] 1048832 [Id] WindowsEditor(7,DESKTOP-7B9AL1U) [Debug] 1 [PackageName] WindowsEditor [ProjectName] Editor" joined multi-casting on [225.0.0.222:54997]...

Player connection [38876] Host "[IP] 192.168.2.206 [Port] 0 [Flags] 2 [Guid] 1607153069 [EditorId] 1607153069 [Version] 1048832 [Id] WindowsEditor(7,DESKTOP-7B9AL1U) [Debug] 1 [PackageName] WindowsEditor [ProjectName] Editor" joined alternative multi-casting on [225.0.0.222:34997]...

Refreshing native plugins compatible for Editor in 111.62 ms, found 12 plugins.
Preloading 1 native plugins for Editor in 0.45 ms.
Initialize engine version: 2021.3.15f1 (e8e88683f834)
[Subsystems] Discovering subsystems at path C:/Program Files/Unity/Hub/Editor/2021.3.15f1/Editor/Data/Resources/UnitySubsystems
[Subsystems] Discovering subsystems at path C:/Users/Lenita/Desktop/Unity_Bachelor/VR_Battery_Lab/Assets
GfxDevice: creating device client; threaded=0; jobified=0
Direct3D:
    Version:  Direct3D 11.0 [level 11.1]
    Renderer: NVIDIA GeForce RTX 2060 (ID=0x1e89)
    Vendor:   NVIDIA
    VRAM:     5968 MB
    Driver:   31.0.15.1694
Initialize mono
Mono path[0] = 'C:/Program Files/Unity/Hub/Editor/2021.3.15f1/Editor/Data/Managed'
Mono path[1] = 'C:/Program Files/Unity/Hub/Editor/2021.3.15f1/Editor/Data/MonoBleedingEdge/lib/mono/unityjit-win32'
Mono config path = 'C:/Program Files/Unity/Hub/Editor/2021.3.15f1/Editor/Data/MonoBleedingEdge/etc'
Using monoOptions --debugger-agent=transport=dt_socket,embedding=1,server=y,suspend=n,address=127.0.0.1:56580
Begin MonoManager ReloadAssembly
Registering precompiled unity dll's ...
Register platform support module: C:/Program Files/Unity/Hub/Editor/2021.3.15f1/Editor/Data/PlaybackEngines/WebGLSupport/UnityEditor.WebGL.Extensions.dll
Register platform support module: C:/Program Files/Unity/Hub/Editor/2021.3.15f1/Editor/Data/PlaybackEngines/WindowsStandaloneSupport/UnityEditor.WindowsStandalone.Extensions.dll
Registered in 0.008248 seconds.
Native extension for WindowsStandalone target not found
Native extension for WebGL target not found
Refreshing native plugins compatible for Editor in 106.03 ms, found 12 plugins.
Preloading 1 native plugins for Editor in 0.09 ms.
Mono: successfully reloaded assembly
- Completed reload, in  0.725 seconds
Domain Reload Profiling:
	ReloadAssembly (726ms)
		BeginReloadAssembly (75ms)
			ExecutionOrderSort (0ms)
			DisableScriptedObjects (0ms)
			BackupInstance (0ms)
			ReleaseScriptingObjects (0ms)
			CreateAndSetChildDomain (1ms)
		EndReloadAssembly (530ms)
			LoadAssemblies (72ms)
			RebuildTransferFunctionScriptingTraits (0ms)
			SetupTypeCache (119ms)
			ReleaseScriptCaches (0ms)
			RebuildScriptCaches (27ms)
			SetupLoadedEditorAssemblies (331ms)
				LogAssemblyErrors (0ms)
				InitializePlatformSupportModulesInManaged (9ms)
				SetLoadedEditorAssemblies (0ms)
				RefreshPlugins (106ms)
				BeforeProcessingInitializeOnLoad (1ms)
				ProcessInitializeOnLoadAttributes (167ms)
				ProcessInitializeOnLoadMethodAttributes (48ms)
				AfterProcessingInitializeOnLoad (0ms)
				EditorAssembliesLoaded (0ms)
			ExecutionOrderSort2 (0ms)
			AwakeInstancesAfterBackupRestoration (0ms)
Platform modules already initialized, skipping
Registering precompiled user dll's ...
Registered in 0.009543 seconds.
Begin MonoManager ReloadAssembly
Symbol file LoadedFromMemory doesn't match image C:\Users\Lenita\Desktop\Unity_Bachelor\VR_Battery_Lab\Library\PackageCache\com.unity.visualscripting@1.7.8\Editor\VisualScripting.Core\Dependencies\DotNetZip\Unity.VisualScripting.IonicZip.dll
Symbol file LoadedFromMemory doesn't match image C:\Users\Lenita\Desktop\Unity_Bachelor\VR_Battery_Lab\Library\PackageCache\com.unity.visualscripting@1.7.8\Editor\VisualScripting.Core\Dependencies\YamlDotNet\Unity.VisualScripting.YamlDotNet.dll
Native extension for WindowsStandalone target not found
Native extension for WebGL target not found
Refreshing native plugins compatible for Editor in 95.31 ms, found 12 plugins.
Preloading 1 native plugins for Editor in 0.08 ms.
Package Manager log level set to [2]
System.Reflection.TargetInvocationException: Exception has been thrown by the target of an invocation. ---> System.NullReferenceException: Object reference not set to an instance of an object
  at Unity.XR.Oculus.OculusLoader.AssetPathToAbsolutePath (System.String assetPath) [0x0003d] in C:\Users\Lenita\Desktop\Unity_Bachelor\VR_Battery_Lab\Library\PackageCache\com.unity.xr.oculus@3.2.2\Runtime\OculusLoader.cs:296 
  at Unity.XR.Oculus.OculusLoader.EditorLoadOVRPlugin () [0x0007b] in C:\Users\Lenita\Desktop\Unity_Bachelor\VR_Battery_Lab\Library\PackageCache\com.unity.xr.oculus@3.2.2\Runtime\OculusLoader.cs:281 
  at (wrapper managed-to-native) System.Reflection.RuntimeMethodInfo.InternalInvoke(System.Reflection.RuntimeMethodInfo,object,object[],System.Exception&)
  at System.Reflection.RuntimeMethodInfo.Invoke (System.Object obj, System.Reflection.BindingFlags invokeAttr, System.Reflection.Binder binder, System.Object[] parameters, System.Globalization.CultureInfo culture) [0x0006a] in <d6232873609549b8a045fa15811a5bd3>:0 
   --- End of inner exception stack trace ---
  at System.Reflection.RuntimeMethodInfo.Invoke (System.Object obj, System.Reflection.BindingFlags invokeAttr, System.Reflection.Binder binder, System.Object[] parameters, System.Globalization.CultureInfo culture) [0x00083] in <d6232873609549b8a045fa15811a5bd3>:0 
  at System.Reflection.MethodBase.Invoke (System.Object obj, System.Object[] parameters) [0x00000] in <d6232873609549b8a045fa15811a5bd3>:0 
  at UnityEditor.EditorAssemblies.ProcessInitializeOnLoadMethodAttributes () [0x000a5] in <63965ae56af7489797f355b7c1211ab2>:0 
UnityEngine.StackTraceUtility:ExtractStackTrace ()
UnityEngine.DebugLogHandler:LogFormat (UnityEngine.LogType,UnityEngine.Object,string,object[])
UnityEngine.Logger:Log (UnityEngine.LogType,object)
UnityEngine.Debug:LogError (object)
UnityEditor.EditorAssemblies:ProcessInitializeOnLoadMethodAttributes ()

Mono: successfully reloaded assembly
- Completed reload, in  1.374 seconds
Domain Reload Profiling:
	ReloadAssembly (1375ms)
		BeginReloadAssembly (109ms)
			ExecutionOrderSort (0ms)
			DisableScriptedObjects (5ms)
			BackupInstance (0ms)
			ReleaseScriptingObjects (0ms)
			CreateAndSetChildDomain (18ms)
		EndReloadAssembly (1152ms)
			LoadAssemblies (94ms)
			RebuildTransferFunctionScriptingTraits (0ms)
			SetupTypeCache (343ms)
			ReleaseScriptCaches (1ms)
			RebuildScriptCaches (97ms)
			SetupLoadedEditorAssemblies (561ms)
				LogAssemblyErrors (0ms)
				InitializePlatformSupportModulesInManaged (6ms)
				SetLoadedEditorAssemblies (0ms)
				RefreshPlugins (95ms)
				BeforeProcessingInitializeOnLoad (108ms)
				ProcessInitializeOnLoadAttributes (310ms)
				ProcessInitializeOnLoadMethodAttributes (34ms)
				AfterProcessingInitializeOnLoad (7ms)
				EditorAssembliesLoaded (0ms)
			ExecutionOrderSort2 (0ms)
			AwakeInstancesAfterBackupRestoration (8ms)
Platform modules already initialized, skipping
========================================================================
Worker process is ready to serve import requests
Launched and connected shader compiler UnityShaderCompiler.exe after 0.04 seconds
Refreshing native plugins compatible for Editor in 1.03 ms, found 12 plugins.
Preloading 1 native plugins for Editor in 0.08 ms.
Unloading 4390 Unused Serialized files (Serialized files now loaded: 0)
Unloading 52 unused Assets / (57.2 KB). Loaded Objects now: 4831.
Memory consumption went from 153.3 MB to 153.3 MB.
Total: 4.712600 ms (FindLiveObjects: 0.501300 ms CreateObjectMapping: 0.379600 ms MarkObjects: 3.721500 ms  DeleteObjects: 0.108900 ms)

AssetImportParameters requested are different than current active one (requested -> active):
  custom:video-decoder-ogg-theora: a1e56fd34408186e4bbccfd4996cb3dc -> 
  custom:container-muxer-webm: aa71ff27fc2769a1b78a27578f13a17b -> 
  custom:container-demuxer-webm: 4f35f7cbe854078d1ac9338744f61a02 -> 
  custom:video-encoder-webm-vp8: eb34c28f22e8b96e1ab97ce403110664 -> 
  custom:audio-encoder-webm-vorbis: bf7c407c2cedff20999df2af8eb42d56 -> 
  custom:framework-win-MediaFoundation: 216162199b28c13a410421893ffa2e32 -> 
  custom:container-demuxer-ogg: 62fdf1f143b41e24485cea50d1cbac27 -> 
  custom:video-decoder-webm-vp8: 9c59270c3fd7afecdb556c50c9e8de78 -> 
  custom:audio-decoder-ogg-vorbis: bf7c407c2cedff20999df2af8eb42d56 -> 
========================================================================
Received Import Request.
  Time since last request: 959620.632952 seconds.
  path: Assets/Images/Livermorium.png
  artifactKey: Guid(966f7a9118a20aa4e9582c6eb90620e0) Importer(815301076,1909f56bfc062723c751e8b465ee728b)
Start importing Assets/Images/Livermorium.png using Guid(966f7a9118a20aa4e9582c6eb90620e0) Importer(815301076,1909f56bfc062723c751e8b465ee728b)  -> (artifact id: 'a6b5b5885d54b742a1d817d91ae16c71') in 0.117033 seconds 
========================================================================
Received Import Request.
  Time since last request: 0.000021 seconds.
  path: Assets/Images/Tin.png
  artifactKey: Guid(ae0e4ef7318e3a94d98bfcf51c818bf8) Importer(815301076,1909f56bfc062723c751e8b465ee728b)
Start importing Assets/Images/Tin.png using Guid(ae0e4ef7318e3a94d98bfcf51c818bf8) Importer(815301076,1909f56bfc062723c751e8b465ee728b)  -> (artifact id: '4b0bfd6814a595559daa9c028011a309') in 0.012655 seconds 
========================================================================
Received Import Request.
  Time since last request: 0.000018 seconds.
  path: Assets/Images/Potassium.png
  artifactKey: Guid(28dc8386e0f377d44a2cc26a2aa29984) Importer(815301076,1909f56bfc062723c751e8b465ee728b)
Start importing Assets/Images/Potassium.png using Guid(28dc8386e0f377d44a2cc26a2aa29984) Importer(815301076,1909f56bfc062723c751e8b465ee728b)  -> (artifact id: '289cdbbbfc052ce1271da4e5326a540a') in 0.011390 seconds 
========================================================================
Received Import Request.
  Time since last request: 0.000025 seconds.
  path: Assets/Images/Radon.png
  artifactKey: Guid(686b9f0a85a0283419bf72235a8f1001) Importer(815301076,1909f56bfc062723c751e8b465ee728b)
Start importing Assets/Images/Radon.png using Guid(686b9f0a85a0283419bf72235a8f1001) Importer(815301076,1909f56bfc062723c751e8b465ee728b)  -> (artifact id: 'aa831296772a9317616bb7ce80fd78c4') in 0.012762 seconds 
========================================================================
Received Import Request.
  Time since last request: 0.000024 seconds.
  path: Assets/Images/Astatine.png
  artifactKey: Guid(9ea4a5226bb5cf947b8d85478d3c6149) Importer(815301076,1909f56bfc062723c751e8b465ee728b)
Start importing Assets/Images/Astatine.png using Guid(9ea4a5226bb5cf947b8d85478d3c6149) Importer(815301076,1909f56bfc062723c751e8b465ee728b)  -> (artifact id: '9aef22058f7a022d6804ba4c3f704b31') in 0.012622 seconds 
========================================================================
Received Import Request.
  Time since last request: 0.000021 seconds.
  path: Assets/Images/Protactinium.png
  artifactKey: Guid(a218738652e2bd440a8a495abd4c4e2b) Importer(815301076,1909f56bfc062723c751e8b465ee728b)
Start importing Assets/Images/Protactinium.png using Guid(a218738652e2bd440a8a495abd4c4e2b) Importer(815301076,1909f56bfc062723c751e8b465ee728b)  -> (artifact id: '103f2bb23f32e3f9aa6325c8ed576577') in 0.013378 seconds 
========================================================================
Received Import Request.
  Time since last request: 0.000023 seconds.
  path: Assets/Images/Berkelium.png
  artifactKey: Guid(d5d3c8f56b770d94dbd414f529d66eb3) Importer(815301076,1909f56bfc062723c751e8b465ee728b)
Start importing Assets/Images/Berkelium.png using Guid(d5d3c8f56b770d94dbd414f529d66eb3) Importer(815301076,1909f56bfc062723c751e8b465ee728b)  -> (artifact id: '654d1abf94277a0e314c1edac3a70d2d') in 0.018050 seconds 
========================================================================
Received Import Request.
  Time since last request: 0.000031 seconds.
  path: Assets/Images/Promethium.png
  artifactKey: Guid(04b60863a966d594b9a88469539c87f5) Importer(815301076,1909f56bfc062723c751e8b465ee728b)
Start importing Assets/Images/Promethium.png using Guid(04b60863a966d594b9a88469539c87f5) Importer(815301076,1909f56bfc062723c751e8b465ee728b)  -> (artifact id: '9a03fb7ef0d36292c1367775409c6dd4') in 0.013084 seconds 
========================================================================
Received Import Request.
  Time since last request: 0.000021 seconds.
  path: Assets/Images/Krypton.png
  artifactKey: Guid(655035cad76c66d4cb73004ec84fdf9b) Importer(815301076,1909f56bfc062723c751e8b465ee728b)
Start importing Assets/Images/Krypton.png using Guid(655035cad76c66d4cb73004ec84fdf9b) Importer(815301076,1909f56bfc062723c751e8b465ee728b)  -> (artifact id: '651f1904ed8b8eb7af742575c5e3108d') in 0.017061 seconds 
========================================================================
Received Import Request.
  Time since last request: 0.000017 seconds.
  path: Assets/Images/Cobalt.png
  artifactKey: Guid(705f4d45c33a6f7489b8fe888997ff0f) Importer(815301076,1909f56bfc062723c751e8b465ee728b)
Start importing Assets/Images/Cobalt.png using Guid(705f4d45c33a6f7489b8fe888997ff0f) Importer(815301076,1909f56bfc062723c751e8b465ee728b)  -> (artifact id: '5d8cc071b869664ea1398024fc79d600') in 0.019612 seconds 
========================================================================
Received Import Request.
  Time since last request: 0.000023 seconds.
  path: Assets/Images/Thulium.png
  artifactKey: Guid(052f677e53793024fbab4b497f97ab18) Importer(815301076,1909f56bfc062723c751e8b465ee728b)
Start importing Assets/Images/Thulium.png using Guid(052f677e53793024fbab4b497f97ab18) Importer(815301076,1909f56bfc062723c751e8b465ee728b)  -> (artifact id: 'edfa0a2570e3252f1424f52e4bb5b0b8') in 0.014226 seconds 
========================================================================
Received Import Request.
  Time since last request: 0.000017 seconds.
  path: Assets/Images/Beryllium.png
  artifactKey: Guid(d095d3eae0c5b8548a27f535e805cd66) Importer(815301076,1909f56bfc062723c751e8b465ee728b)
Start importing Assets/Images/Beryllium.png using Guid(d095d3eae0c5b8548a27f535e805cd66) Importer(815301076,1909f56bfc062723c751e8b465ee728b)  -> (artifact id: '6feca4cbb739a493553bea52bb5b871e') in 0.013372 seconds 
========================================================================
Received Import Request.
  Time since last request: 0.000022 seconds.
  path: Assets/Images/Europium.png
  artifactKey: Guid(39e62965b695fb145b47449180ea8234) Importer(815301076,1909f56bfc062723c751e8b465ee728b)
Start importing Assets/Images/Europium.png using Guid(39e62965b695fb145b47449180ea8234) Importer(815301076,1909f56bfc062723c751e8b465ee728b)  -> (artifact id: '1394d685ff0e60717c46b61b9f39067a') in 0.011828 seconds 
========================================================================
Received Import Request.
  Time since last request: 0.000026 seconds.
  path: Assets/Images/Meitnerium.png
  artifactKey: Guid(96632c39c3536674191e4e874f9df8ad) Importer(815301076,1909f56bfc062723c751e8b465ee728b)
Start importing Assets/Images/Meitnerium.png using Guid(96632c39c3536674191e4e874f9df8ad) Importer(815301076,1909f56bfc062723c751e8b465ee728b)  -> (artifact id: '6f59b9366b7ca63a0f08f80168bd41fa') in 0.010987 seconds 
========================================================================
Received Import Request.
  Time since last request: 0.000018 seconds.
  path: Assets/Images/Seaborgium.png
  artifactKey: Guid(fc50e86a8a35cbc429f3b830e60a1b09) Importer(815301076,1909f56bfc062723c751e8b465ee728b)
Start importing Assets/Images/Seaborgium.png using Guid(fc50e86a8a35cbc429f3b830e60a1b09) Importer(815301076,1909f56bfc062723c751e8b465ee728b)  -> (artifact id: 'c63b50ff92fd649f7de6348199b5b4bb') in 0.012026 seconds 
========================================================================
Received Import Request.
  Time since last request: 0.000018 seconds.
  path: Assets/Images/Yttrium.png
  artifactKey: Guid(47236467d97c89f488ddb8098b456fb6) Importer(815301076,1909f56bfc062723c751e8b465ee728b)
Start importing Assets/Images/Yttrium.png using Guid(47236467d97c89f488ddb8098b456fb6) Importer(815301076,1909f56bfc062723c751e8b465ee728b)  -> (artifact id: '64c48d62dc1f656333edf4923fefb733') in 0.021950 seconds 
========================================================================
Received Import Request.
  Time since last request: 0.000027 seconds.
  path: Assets/Images/Cesium.png
  artifactKey: Guid(8a41cbbd9835f83478ed8502723c019c) Importer(815301076,1909f56bfc062723c751e8b465ee728b)
Start importing Assets/Images/Cesium.png using Guid(8a41cbbd9835f83478ed8502723c019c) Importer(815301076,1909f56bfc062723c751e8b465ee728b)  -> (artifact id: '6a94042d8c928f73c2e6c16284bf3946') in 0.011122 seconds 
========================================================================
Received Import Request.
  Time since last request: 0.000024 seconds.
  path: Assets/Images/Calsium.png
  artifactKey: Guid(8c266fb0208286c489f49b60e7a83da6) Importer(815301076,1909f56bfc062723c751e8b465ee728b)
Start importing Assets/Images/Calsium.png using Guid(8c266fb0208286c489f49b60e7a83da6) Importer(815301076,1909f56bfc062723c751e8b465ee728b)  -> (artifact id: 'ec0488cd2908fe3fc72db3223ea6fa8f') in 0.011614 seconds 
========================================================================
Received Import Request.
  Time since last request: 0.000033 seconds.
  path: Assets/Images/Platinum.png
  artifactKey: Guid(0fa8db428dfea6945a55d2ce2e23b756) Importer(815301076,1909f56bfc062723c751e8b465ee728b)
Start importing Assets/Images/Platinum.png using Guid(0fa8db428dfea6945a55d2ce2e23b756) Importer(815301076,1909f56bfc062723c751e8b465ee728b)  -> (artifact id: '41212cd904fd2d29da19b449774857be') in 0.010587 seconds 
========================================================================
Received Import Request.
  Time since last request: 0.000020 seconds.
  path: Assets/Images/Flerovium.png
  artifactKey: Guid(3f702f603986aaa439c5a6db5d452a5a) Importer(815301076,1909f56bfc062723c751e8b465ee728b)
Start importing Assets/Images/Flerovium.png using Guid(3f702f603986aaa439c5a6db5d452a5a) Importer(815301076,1909f56bfc062723c751e8b465ee728b)  -> (artifact id: 'feb42ef2ee343ab2f6d57e0927c2328d') in 0.011005 seconds 
========================================================================
Received Import Request.
  Time since last request: 0.000022 seconds.
  path: Assets/Images/Zinc.png
  artifactKey: Guid(af5b764a885a4ef49ac64f770711e93f) Importer(815301076,1909f56bfc062723c751e8b465ee728b)
Start importing Assets/Images/Zinc.png using Guid(af5b764a885a4ef49ac64f770711e93f) Importer(815301076,1909f56bfc062723c751e8b465ee728b)  -> (artifact id: '09fb66f255fae330e653da2c56c53c9c') in 0.010374 seconds 
========================================================================
Received Import Request.
  Time since last request: 0.000021 seconds.
  path: Assets/Images/Rubidium.png
  artifactKey: Guid(e709536664ddfbc4cad8661d15caad08) Importer(815301076,1909f56bfc062723c751e8b465ee728b)
Start importing Assets/Images/Rubidium.png using Guid(e709536664ddfbc4cad8661d15caad08) Importer(815301076,1909f56bfc062723c751e8b465ee728b)  -> (artifact id: 'bfc61072202e2c31e8f76923c5f0eddd') in 0.012810 seconds 
========================================================================
Received Import Request.
  Time since last request: 0.000023 seconds.
  path: Assets/Images/Tantalum.png
  artifactKey: Guid(4d2ee6e5da8ff664c924dcd347d040c5) Importer(815301076,1909f56bfc062723c751e8b465ee728b)
Start importing Assets/Images/Tantalum.png using Guid(4d2ee6e5da8ff664c924dcd347d040c5) Importer(815301076,1909f56bfc062723c751e8b465ee728b)  -> (artifact id: '9d8843877527f34c8a125d94737cfc75') in 0.013216 seconds 
========================================================================
Received Import Request.
  Time since last request: 0.000017 seconds.
  path: Assets/Images/Silver.png
  artifactKey: Guid(cb7f75dee44bccb44a1378408f87c812) Importer(815301076,1909f56bfc062723c751e8b465ee728b)
Start importing Assets/Images/Silver.png using Guid(cb7f75dee44bccb44a1378408f87c812) Importer(815301076,1909f56bfc062723c751e8b465ee728b)  -> (artifact id: 'b1614538c003746e5aad1130cc5f6070') in 0.012514 seconds 
========================================================================
Received Import Request.
  Time since last request: 0.000028 seconds.
  path: Assets/Images/Dysprosium.png
  artifactKey: Guid(722a2d23f5462994fac43b384603ea60) Importer(815301076,1909f56bfc062723c751e8b465ee728b)
Start importing Assets/Images/Dysprosium.png using Guid(722a2d23f5462994fac43b384603ea60) Importer(815301076,1909f56bfc062723c751e8b465ee728b)  -> (artifact id: 'b0a40c76b76e164d5e9980e084f1ba91') in 0.011260 seconds 
========================================================================
Received Import Request.
  Time since last request: 0.000020 seconds.
  path: Assets/Images/Francium.png
  artifactKey: Guid(afeadd6215e891e4b8f5163d329bf049) Importer(815301076,1909f56bfc062723c751e8b465ee728b)
Start importing Assets/Images/Francium.png using Guid(afeadd6215e891e4b8f5163d329bf049) Importer(815301076,1909f56bfc062723c751e8b465ee728b)  -> (artifact id: 'dde6f885025f06de380a2f660340e49b') in 0.013308 seconds 
========================================================================
Received Import Request.
  Time since last request: 0.000019 seconds.
  path: Assets/Images/Californium.png
  artifactKey: Guid(9ec7b60fe55ee0944a8b35484c647d6c) Importer(815301076,1909f56bfc062723c751e8b465ee728b)
Start importing Assets/Images/Californium.png using Guid(9ec7b60fe55ee0944a8b35484c647d6c) Importer(815301076,1909f56bfc062723c751e8b465ee728b)  -> (artifact id: '17f4b2b7b9b35c743f53ea318a9c23ef') in 0.015584 seconds 
========================================================================
Received Import Request.
  Time since last request: 0.000046 seconds.
  path: Assets/Images/Thallium.png
  artifactKey: Guid(91e952af01e8cb4468bb378ef5aaa617) Importer(815301076,1909f56bfc062723c751e8b465ee728b)
Start importing Assets/Images/Thallium.png using Guid(91e952af01e8cb4468bb378ef5aaa617) Importer(815301076,1909f56bfc062723c751e8b465ee728b)  -> (artifact id: '66c6bf0a698e7f9c82fd5da653fe2211') in 0.012024 seconds 
========================================================================
Received Import Request.
  Time since last request: 0.000023 seconds.
  path: Assets/Images/Radium.png
  artifactKey: Guid(249ca1eae5df1f842b9888a6aa0a00b0) Importer(815301076,1909f56bfc062723c751e8b465ee728b)
Start importing Assets/Images/Radium.png using Guid(249ca1eae5df1f842b9888a6aa0a00b0) Importer(815301076,1909f56bfc062723c751e8b465ee728b)  -> (artifact id: 'efec7ccffe51fd3d046b246ef270fef1') in 0.013102 seconds 
========================================================================
Received Import Request.
  Time since last request: 0.000021 seconds.
  path: Assets/Images/Technetium.png
  artifactKey: Guid(e68fe4592a5b4a4438ca74a3768a9b25) Importer(815301076,1909f56bfc062723c751e8b465ee728b)
Start importing Assets/Images/Technetium.png using Guid(e68fe4592a5b4a4438ca74a3768a9b25) Importer(815301076,1909f56bfc062723c751e8b465ee728b)  -> (artifact id: 'b76d4363ee1de63bb555b678f482b387') in 0.014155 seconds 
========================================================================
Received Import Request.
  Time since last request: 0.000039 seconds.
  path: Assets/Images/Clorine.png
  artifactKey: Guid(c8f94e572df830b4093bbfcd17c05c4b) Importer(815301076,1909f56bfc062723c751e8b465ee728b)
Start importing Assets/Images/Clorine.png using Guid(c8f94e572df830b4093bbfcd17c05c4b) Importer(815301076,1909f56bfc062723c751e8b465ee728b)  -> (artifact id: '069af3b9be4399ee552cd27b5852ab9e') in 0.014218 seconds 
========================================================================
Received Import Request.
  Time since last request: 0.000030 seconds.
  path: Assets/Images/Bromine.png
  artifactKey: Guid(677f01bbcfbbae641b683aa86af4a864) Importer(815301076,1909f56bfc062723c751e8b465ee728b)
Start importing Assets/Images/Bromine.png using Guid(677f01bbcfbbae641b683aa86af4a864) Importer(815301076,1909f56bfc062723c751e8b465ee728b)  -> (artifact id: 'f393e42b486f530241695206739296b8') in 0.013637 seconds 
========================================================================
Received Import Request.
  Time since last request: 0.000030 seconds.
  path: Assets/Images/Oganesson.png
  artifactKey: Guid(6d82384605fd0c14a9535f5aa603f3bf) Importer(815301076,1909f56bfc062723c751e8b465ee728b)
Start importing Assets/Images/Oganesson.png using Guid(6d82384605fd0c14a9535f5aa603f3bf) Importer(815301076,1909f56bfc062723c751e8b465ee728b)  -> (artifact id: 'cf608e2cb3a3c39f9dfdfd3a24031ec7') in 0.013974 seconds 
========================================================================
Received Import Request.
  Time since last request: 0.000022 seconds.
  path: Assets/Images/Lanthanum.png
  artifactKey: Guid(6460f25b1e729b94aa1903017df6b23f) Importer(815301076,1909f56bfc062723c751e8b465ee728b)
Start importing Assets/Images/Lanthanum.png using Guid(6460f25b1e729b94aa1903017df6b23f) Importer(815301076,1909f56bfc062723c751e8b465ee728b)  -> (artifact id: '4c5ecdc15e60e9b027444fd7dd204abf') in 0.010939 seconds 
========================================================================
Received Import Request.
  Time since last request: 0.000016 seconds.
  path: Assets/Images/Lead.png
  artifactKey: Guid(15b5fe34d7f99cd4685f2bf667fc5642) Importer(815301076,1909f56bfc062723c751e8b465ee728b)
Start importing Assets/Images/Lead.png using Guid(15b5fe34d7f99cd4685f2bf667fc5642) Importer(815301076,1909f56bfc062723c751e8b465ee728b)  -> (artifact id: 'a7d0ff5035119f253424263993ffd7dd') in 0.012516 seconds 
========================================================================
Received Import Request.
  Time since last request: 0.000021 seconds.
  path: Assets/Images/Neon.png
  artifactKey: Guid(fc5a39b15ebdd854e858ee0db09e7910) Importer(815301076,1909f56bfc062723c751e8b465ee728b)
Start importing Assets/Images/Neon.png using Guid(fc5a39b15ebdd854e858ee0db09e7910) Importer(815301076,1909f56bfc062723c751e8b465ee728b)  -> (artifact id: 'c6f64c8f7efebc43e6c60391a5bb7204') in 0.011977 seconds 
========================================================================
Received Import Request.
  Time since last request: 0.000022 seconds.
  path: Assets/Images/Praseodymium.png
  artifactKey: Guid(7a3da6ec8ed023643b6fa142314de2d1) Importer(815301076,1909f56bfc062723c751e8b465ee728b)
Start importing Assets/Images/Praseodymium.png using Guid(7a3da6ec8ed023643b6fa142314de2d1) Importer(815301076,1909f56bfc062723c751e8b465ee728b)  -> (artifact id: '6160c25cf9e1303499067abcb089fbea') in 0.010569 seconds 
========================================================================
Received Import Request.
  Time since last request: 0.000020 seconds.
  path: Assets/Images/Argon.png
  artifactKey: Guid(3b2c0dcdb11fe084ab4672784c797e19) Importer(815301076,1909f56bfc062723c751e8b465ee728b)
Start importing Assets/Images/Argon.png using Guid(3b2c0dcdb11fe084ab4672784c797e19) Importer(815301076,1909f56bfc062723c751e8b465ee728b)  -> (artifact id: '13c76c8a274c43a650fc15685c3a1623') in 0.013093 seconds 
========================================================================
Received Import Request.
  Time since last request: 0.000021 seconds.
  path: Assets/Images/Germanium.png
  artifactKey: Guid(602254f718eab634097db58a49156bbb) Importer(815301076,1909f56bfc062723c751e8b465ee728b)
Start importing Assets/Images/Germanium.png using Guid(602254f718eab634097db58a49156bbb) Importer(815301076,1909f56bfc062723c751e8b465ee728b)  -> (artifact id: 'e50aa0f653685a31af617b22d3f42ccf') in 0.011240 seconds 
========================================================================
Received Import Request.
  Time since last request: 7.183513 seconds.
  path: Assets/Images/VRController.jpeg
  artifactKey: Guid(c5f17cda8d185be4e9e4cc1004cc3d87) Importer(815301076,1909f56bfc062723c751e8b465ee728b)
Start importing Assets/Images/VRController.jpeg using Guid(c5f17cda8d185be4e9e4cc1004cc3d87) Importer(815301076,1909f56bfc062723c751e8b465ee728b)  -> (artifact id: '920c2bdad8c8cf948255ab5ba46f1af8') in 0.020350 seconds 
========================================================================
Received Import Request.
  Time since last request: 424.664142 seconds.
  path: Assets/Images/VRController.jpeg
  artifactKey: Guid(c5f17cda8d185be4e9e4cc1004cc3d87) Importer(815301076,1909f56bfc062723c751e8b465ee728b)
Start importing Assets/Images/VRController.jpeg using Guid(c5f17cda8d185be4e9e4cc1004cc3d87) Importer(815301076,1909f56bfc062723c751e8b465ee728b)  -> (artifact id: '6b1e97ea4a87616af90a6fa8396eaaaa') in 0.011750 seconds 
========================================================================
Received Import Request.
  Time since last request: 471.148096 seconds.
  path: Assets/Images/Line.png
  artifactKey: Guid(4cce9303ee125c14c8699f10e54f4172) Importer(815301076,1909f56bfc062723c751e8b465ee728b)
Start importing Assets/Images/Line.png using Guid(4cce9303ee125c14c8699f10e54f4172) Importer(815301076,1909f56bfc062723c751e8b465ee728b)  -> (artifact id: 'c28631c0e189c2e66b59e20c570f4e30') in 0.011599 seconds 
========================================================================
Received Import Request.
  Time since last request: 89.976529 seconds.
  path: Assets/Images/Line 1.png
  artifactKey: Guid(adedbd9951040c34cb52c371bd9bafc7) Importer(815301076,1909f56bfc062723c751e8b465ee728b)
Start importing Assets/Images/Line 1.png using Guid(adedbd9951040c34cb52c371bd9bafc7) Importer(815301076,1909f56bfc062723c751e8b465ee728b)  -> (artifact id: '279e14875f1ca316d8da119cfb94f9c9') in 0.011656 seconds 
========================================================================
Received Import Request.
  Time since last request: 24.957377 seconds.
  path: Assets/Images/Line.png
  artifactKey: Guid(adedbd9951040c34cb52c371bd9bafc7) Importer(815301076,1909f56bfc062723c751e8b465ee728b)
Start importing Assets/Images/Line.png using Guid(adedbd9951040c34cb52c371bd9bafc7) Importer(815301076,1909f56bfc062723c751e8b465ee728b)  -> (artifact id: '728b3b46f057bd85859da417d7b1c4ff') in 0.011629 seconds 
========================================================================
Received Import Request.
  Time since last request: 229.122182 seconds.
  path: Assets/Images/Line 1.png
  artifactKey: Guid(7552d4bcd241d094493159b175b838a6) Importer(815301076,1909f56bfc062723c751e8b465ee728b)
Start importing Assets/Images/Line 1.png using Guid(7552d4bcd241d094493159b175b838a6) Importer(815301076,1909f56bfc062723c751e8b465ee728b)  -> (artifact id: 'dbb80b94844acd9c0b3a6aa2e72343e7') in 0.011943 seconds 
